"../../../Engine/Plugins/Animation/ACLPlugin/Content/ACLAnimCurveCompressionSettings.uasset" 0
"../../../Engine/Plugins/Animation/ACLPlugin/Content/ACLAnimCurveCompressionSettings.uexp" 1
"../../../Engine/Plugins/Animation/ACLPlugin/Content/ACLAnimBoneCompressionSettings.uasset" 2
"../../../Engine/Plugins/Animation/ACLPlugin/Content/ACLAnimBoneCompressionSettings.uexp" 3
"../../../Engine/Plugins/2D/Paper2D/Content/PlaceholderTextures/DummySpriteTexture.ubulk" 4
"../../../Engine/Plugins/2D/Paper2D/Content/PlaceholderTextures/DummySpriteTexture.uasset" 5
"../../../Engine/Plugins/2D/Paper2D/Content/PlaceholderTextures/DummySpriteTexture.uexp" 6
"../../../Engine/Plugins/2D/Paper2D/Content/DummySprite.uasset" 7
"../../../Engine/Plugins/2D/Paper2D/Content/DummySprite.uexp" 8
"../../../Engine/Plugins/2D/Paper2D/Content/DefaultPaperTerrainMaterial.uasset" 9
"../../../Engine/Plugins/2D/Paper2D/Content/DefaultPaperTerrainMaterial.uexp" 10
"../../../Engine/Plugins/Runtime/AudioModulation/Content/TimeOfDay.uasset" 11
"../../../Engine/Plugins/Runtime/AudioModulation/Content/TimeOfDay.uexp" 12
"../../../Engine/Plugins/Runtime/AudioModulation/Content/SampleRate.uasset" 13
"../../../Engine/Plugins/Runtime/AudioModulation/Content/SampleRate.uexp" 14
"../../../Engine/Plugins/Runtime/AudioModulation/Content/Pitch.uasset" 15
"../../../Engine/Plugins/Runtime/AudioModulation/Content/Pitch.uexp" 16
"../../../Engine/Plugins/Runtime/AudioModulation/Content/Pan.uasset" 17
"../../../Engine/Plugins/Runtime/AudioModulation/Content/Pan.uexp" 18
"../../../Engine/Plugins/Runtime/AudioModulation/Content/LPFCutoffFrequency.uasset" 19
"../../../Engine/Plugins/Runtime/AudioModulation/Content/LPFCutoffFrequency.uexp" 20
"../../../Engine/Plugins/Runtime/AudioModulation/Content/LowRateFrequency.uasset" 21
"../../../Engine/Plugins/Runtime/AudioModulation/Content/LowRateFrequency.uexp" 22
"../../../Engine/Plugins/Runtime/AudioModulation/Content/HPFCutoffFrequency.uasset" 23
"../../../Engine/Plugins/Runtime/AudioModulation/Content/HPFCutoffFrequency.uexp" 24
"../../../Engine/Plugins/Runtime/AudioModulation/Content/BitDepth.uasset" 25
"../../../Engine/Plugins/Runtime/AudioModulation/Content/BitDepth.uexp" 26
"../../../Engine/Content/Animation/DefaultVariableFrameStrippingSettings.uasset" 27
"../../../Engine/Content/Animation/DefaultVariableFrameStrippingSettings.uexp" 28
"../../../Engine/Content/Animation/DefaultRecorderBoneCompression.uasset" 29
"../../../Engine/Content/Animation/DefaultRecorderBoneCompression.uexp" 30
"../../../Engine/Plugins/Animation/ControlRig/Content/Controls/DefaultGizmoLibraryNormalized.uasset" 31
"../../../Engine/Plugins/Animation/ControlRig/Content/Controls/DefaultGizmoLibraryNormalized.uexp" 32
"../../../Engine/Plugins/Runtime/AudioModulation/Content/Volume.uasset" 33
"../../../Engine/Plugins/Runtime/AudioModulation/Content/Volume.uexp" 34
"D:/Unreal Projects/Amberial UE Remake/Amberial/Content/Sound/CB_Main.uasset" 35
"D:/Unreal Projects/Amberial UE Remake/Amberial/Content/Sound/CB_Main.uexp" 36
"../../../Engine/Content/EngineSounds/Master.uasset" 37
"../../../Engine/Content/EngineSounds/Master.uexp" 38
"../../../Engine/Content/EngineMaterials/DefaultPhysicalMaterial.uasset" 39
"../../../Engine/Content/EngineMaterials/DefaultPhysicalMaterial.uexp" 40
"../../../Engine/Content/EngineMaterials/DefaultDestructiblePhysicalMaterial.uasset" 41
"../../../Engine/Content/EngineMaterials/DefaultDestructiblePhysicalMaterial.uexp" 42
"../../../Engine/Content/EngineFonts/Faces/DroidSansFallback.uexp" 43
"../../../Engine/Content/EngineFonts/Faces/DroidSansFallback.uasset" 44
"../../../Engine/Content/EngineFonts/Faces/DroidSansFallback.ufont" 45
"../../../Engine/Content/EngineFonts/Faces/RobotoBold.uexp" 46
"../../../Engine/Content/EngineFonts/Faces/RobotoBold.uasset" 47
"../../../Engine/Content/EngineFonts/Faces/RobotoBold.ufont" 48
"../../../Engine/Content/EngineFonts/Faces/RobotoBoldItalic.uexp" 49
"../../../Engine/Content/EngineFonts/Faces/RobotoBoldItalic.uasset" 50
"../../../Engine/Content/EngineFonts/Faces/RobotoBoldItalic.ufont" 51
"../../../Engine/Content/EngineFonts/Faces/RobotoItalic.uexp" 52
"../../../Engine/Content/EngineFonts/Faces/RobotoItalic.uasset" 53
"../../../Engine/Content/EngineFonts/Faces/RobotoItalic.ufont" 54
"../../../Engine/Content/EngineFonts/Faces/RobotoLight.uexp" 55
"../../../Engine/Content/EngineFonts/Faces/RobotoLight.uasset" 56
"../../../Engine/Content/EngineFonts/Faces/RobotoLight.ufont" 57
"../../../Engine/Content/EngineFonts/Faces/RobotoRegular.uexp" 58
"../../../Engine/Content/EngineFonts/Faces/RobotoRegular.uasset" 59
"../../../Engine/Content/EngineFonts/Faces/RobotoRegular.ufont" 60
"../../../Engine/Content/EngineFonts/Roboto.uasset" 61
"../../../Engine/Content/EngineFonts/Roboto.uexp" 62
"../../../Engine/Plugins/Interchange/Runtime/Content/Pipelines/DefaultTexturePipeline.uasset" 63
"../../../Engine/Plugins/Interchange/Runtime/Content/Pipelines/DefaultTexturePipeline.uexp" 64
"../../../Engine/Plugins/Interchange/Runtime/Content/Pipelines/DefaultSceneLevelPipeline.uasset" 65
"../../../Engine/Plugins/Interchange/Runtime/Content/Pipelines/DefaultSceneLevelPipeline.uexp" 66
"../../../Engine/Plugins/Interchange/Runtime/Content/Pipelines/DefaultSceneAssetsPipeline.uasset" 67
"../../../Engine/Plugins/Interchange/Runtime/Content/Pipelines/DefaultSceneAssetsPipeline.uexp" 68
"../../../Engine/Plugins/Interchange/Runtime/Content/Pipelines/DefaultMaterialXPipeline.uasset" 69
"../../../Engine/Plugins/Interchange/Runtime/Content/Pipelines/DefaultMaterialXPipeline.uexp" 70
"../../../Engine/Plugins/Interchange/Runtime/Content/Pipelines/DefaultMaterialPipeline.uasset" 71
"../../../Engine/Plugins/Interchange/Runtime/Content/Pipelines/DefaultMaterialPipeline.uexp" 72
"../../../Engine/Plugins/Interchange/Runtime/Content/Pipelines/DefaultGLTFSceneAssetsPipeline.uasset" 73
"../../../Engine/Plugins/Interchange/Runtime/Content/Pipelines/DefaultGLTFSceneAssetsPipeline.uexp" 74
"../../../Engine/Plugins/Interchange/Runtime/Content/Pipelines/DefaultGLTFPipeline.uasset" 75
"../../../Engine/Plugins/Interchange/Runtime/Content/Pipelines/DefaultGLTFPipeline.uexp" 76
"../../../Engine/Plugins/Interchange/Runtime/Content/Pipelines/DefaultGLTFAssetsPipeline.uasset" 77
"../../../Engine/Plugins/Interchange/Runtime/Content/Pipelines/DefaultGLTFAssetsPipeline.uexp" 78
"../../../Engine/Plugins/Interchange/Runtime/Content/Pipelines/DefaultAssetsPipeline.uasset" 79
"../../../Engine/Plugins/Interchange/Runtime/Content/Pipelines/DefaultAssetsPipeline.uexp" 80
"../../../Engine/Content/MobileResources/HUD/VirtualJoystick_Thumb.uasset" 81
"../../../Engine/Content/MobileResources/HUD/VirtualJoystick_Thumb.uexp" 82
"../../../Engine/Content/MobileResources/HUD/VirtualJoystick_Background.uasset" 83
"../../../Engine/Content/MobileResources/HUD/VirtualJoystick_Background.uexp" 84
"../../../Engine/Content/MobileResources/HUD/DefaultVirtualJoysticks.uasset" 85
"../../../Engine/Content/MobileResources/HUD/DefaultVirtualJoysticks.uexp" 86
"../../../Engine/Content/EngineResources/GradientTexture0.uasset" 87
"../../../Engine/Content/EngineResources/GradientTexture0.uexp" 88
"../../../Engine/Content/EngineResources/Black.uasset" 89
"../../../Engine/Content/EngineResources/Black.uexp" 90
"../../../Engine/Plugins/Runtime/CommonUI/Content/DefaultMediaTexture.uasset" 91
"../../../Engine/Plugins/Runtime/CommonUI/Content/DefaultMediaTexture.uexp" 92
"../../../Engine/Plugins/Runtime/CommonUI/Content/VideoPlayerMaterial.uasset" 93
"../../../Engine/Plugins/Runtime/CommonUI/Content/VideoPlayerMaterial.uexp" 94
"../../../Engine/Content/Functions/Engine_MaterialFunctions02/WorldPositionOffset/CameraOffset.uasset" 95
"../../../Engine/Content/Functions/Engine_MaterialFunctions02/WorldPositionOffset/CameraOffset.uexp" 96
"../../../Engine/Plugins/Animation/ControlRig/Content/M_Manip.uasset" 97
"../../../Engine/Plugins/Animation/ControlRig/Content/M_Manip.uexp" 98
"../../../Engine/Content/Functions/Engine_MaterialFunctions02/Utility/BreakOutFloat2Components.uasset" 99
"../../../Engine/Content/Functions/Engine_MaterialFunctions02/Utility/BreakOutFloat2Components.uexp" 100
"../../../Engine/Content/Functions/Engine_MaterialFunctions01/Texturing/ScaleUVsByCenter.uasset" 101
"../../../Engine/Content/Functions/Engine_MaterialFunctions01/Texturing/ScaleUVsByCenter.uexp" 102
"../../../Engine/Content/Functions/Engine_MaterialFunctions02/WorldPositionOffset/LocalPosition.uasset" 103
"../../../Engine/Content/Functions/Engine_MaterialFunctions02/WorldPositionOffset/LocalPosition.uexp" 104
"../../../Engine/Content/EngineMaterials/DefaultDiffuse.ubulk" 105
"../../../Engine/Content/EngineMaterials/DefaultDiffuse.uasset" 106
"../../../Engine/Content/EngineMaterials/DefaultDiffuse.uexp" 107
"../../../Engine/Content/Functions/Engine_MaterialFunctions01/Texturing/TextureCropping.uasset" 108
"../../../Engine/Content/Functions/Engine_MaterialFunctions01/Texturing/TextureCropping.uexp" 109
"../../../Engine/Content/Functions/Engine_MaterialFunctions02/ExampleContent/DebugNumberStrip.uasset" 110
"../../../Engine/Content/Functions/Engine_MaterialFunctions02/ExampleContent/DebugNumberStrip.uexp" 111
"../../../Engine/Content/Functions/Engine_MaterialFunctions01/Debug/DebugIntValues.uasset" 112
"../../../Engine/Content/Functions/Engine_MaterialFunctions01/Debug/DebugIntValues.uexp" 113
"../../../Engine/Plugins/Animation/ControlRig/Content/Controls/ControlRigXRayMaterial.uasset" 114
"../../../Engine/Plugins/Animation/ControlRig/Content/Controls/ControlRigXRayMaterial.uexp" 115
"../../../Engine/Plugins/Animation/ControlRig/Content/Controls/ControlRigGizmoMaterial.uasset" 116
"../../../Engine/Plugins/Animation/ControlRig/Content/Controls/ControlRigGizmoMaterial.uexp" 117
"../../../Engine/Content/EngineResources/DefaultTexture.ubulk" 118
"../../../Engine/Content/EngineResources/DefaultTexture.uasset" 119
"../../../Engine/Content/EngineResources/DefaultTexture.uexp" 120
"../../../Engine/Content/EngineMaterials/RemoveSurfaceMaterial.uasset" 121
"../../../Engine/Content/EngineMaterials/RemoveSurfaceMaterial.uexp" 122
"../../../Engine/Content/EngineMaterials/PreintegratedSkinBRDF.uasset" 123
"../../../Engine/Content/EngineMaterials/PreintegratedSkinBRDF.uexp" 124
"../../../Engine/Content/EngineMaterials/DefaultCalibrationGrayscale.uasset" 125
"../../../Engine/Content/EngineMaterials/DefaultCalibrationGrayscale.uexp" 126
"../../../Engine/Content/EngineMaterials/PPM_DefaultCalibrationGrayscale.uasset" 127
"../../../Engine/Content/EngineMaterials/PPM_DefaultCalibrationGrayscale.uexp" 128
"../../../Engine/Content/EngineMaterials/DefaultCalibrationColor.uasset" 129
"../../../Engine/Content/EngineMaterials/DefaultCalibrationColor.uexp" 130
"../../../Engine/Content/EngineMaterials/PPM_DefaultCalibrationColor.uasset" 131
"../../../Engine/Content/EngineMaterials/PPM_DefaultCalibrationColor.uexp" 132
"../../../Engine/Content/EngineMaterials/PhAT_JointLimitMaterial.uasset" 133
"../../../Engine/Content/EngineMaterials/PhAT_JointLimitMaterial.uexp" 134
"../../../Engine/Content/EngineMaterials/NaniteHiddenSectionMaterial.uasset" 135
"../../../Engine/Content/EngineMaterials/NaniteHiddenSectionMaterial.uexp" 136
"../../../Engine/Content/EngineMaterials/InvalidLightmapSettings.ubulk" 137
"../../../Engine/Content/EngineMaterials/InvalidLightmapSettings.uasset" 138
"../../../Engine/Content/EngineMaterials/InvalidLightmapSettings.uexp" 139
"../../../Engine/Content/EngineMaterials/M_InvalidLightmapSettings.uasset" 140
"../../../Engine/Content/EngineMaterials/M_InvalidLightmapSettings.uexp" 141
"../../../Engine/Content/EngineMaterials/MiniFont.uasset" 142
"../../../Engine/Content/EngineMaterials/MiniFont.uexp" 143
"../../../Engine/Content/EngineMaterials/GizmoMaterial.uasset" 144
"../../../Engine/Content/EngineMaterials/GizmoMaterial.uexp" 145
"../../../Engine/Content/EngineMaterials/BaseFlattenDiffuseMap_VT.ubulk" 146
"../../../Engine/Content/EngineMaterials/BaseFlattenDiffuseMap_VT.uasset" 147
"../../../Engine/Content/EngineMaterials/BaseFlattenDiffuseMap_VT.uexp" 148
"../../../Engine/Content/EngineMaterials/BaseFlattenEmissiveMap_VT.ubulk" 149
"../../../Engine/Content/EngineMaterials/BaseFlattenEmissiveMap_VT.uasset" 150
"../../../Engine/Content/EngineMaterials/BaseFlattenEmissiveMap_VT.uexp" 151
"../../../Engine/Content/EngineMaterials/BaseFlattenGrayscaleMap_VT.ubulk" 152
"../../../Engine/Content/EngineMaterials/BaseFlattenGrayscaleMap_VT.uasset" 153
"../../../Engine/Content/EngineMaterials/BaseFlattenGrayscaleMap_VT.uexp" 154
"../../../Engine/Content/EngineMaterials/BaseFlattenLinearColor_VT.ubulk" 155
"../../../Engine/Content/EngineMaterials/BaseFlattenLinearColor_VT.uasset" 156
"../../../Engine/Content/EngineMaterials/BaseFlattenLinearColor_VT.uexp" 157
"../../../Engine/Content/EngineMaterials/BaseFlattenNormalMap_VT.ubulk" 158
"../../../Engine/Content/EngineMaterials/BaseFlattenNormalMap_VT.uasset" 159
"../../../Engine/Content/EngineMaterials/BaseFlattenNormalMap_VT.uexp" 160
"../../../Engine/Content/EngineMaterials/Black_1x1_EXR_Texture_VT.ubulk" 161
"../../../Engine/Content/EngineMaterials/Black_1x1_EXR_Texture_VT.uasset" 162
"../../../Engine/Content/EngineMaterials/Black_1x1_EXR_Texture_VT.uexp" 163
"../../../Engine/Content/EngineMaterials/FlattenMaterial_WS_Normal_VT.uasset" 164
"../../../Engine/Content/EngineMaterials/FlattenMaterial_WS_Normal_VT.uexp" 165
"../../../Engine/Content/EngineMaterials/FlattenMaterial_VT.uasset" 166
"../../../Engine/Content/EngineMaterials/FlattenMaterial_VT.uexp" 167
"../../../Engine/Content/EngineMaterials/BaseFlattenLinearColor.uasset" 168
"../../../Engine/Content/EngineMaterials/BaseFlattenLinearColor.uexp" 169
"../../../Engine/Content/EngineMaterials/BaseFlattenNormalMap.uasset" 170
"../../../Engine/Content/EngineMaterials/BaseFlattenNormalMap.uexp" 171
"../../../Engine/Content/EngineMaterials/BaseFlattenDiffuseMap.uasset" 172
"../../../Engine/Content/EngineMaterials/BaseFlattenDiffuseMap.uexp" 173
"../../../Engine/Content/EngineMaterials/BaseFlattenEmissiveMap.uasset" 174
"../../../Engine/Content/EngineMaterials/BaseFlattenEmissiveMap.uexp" 175
"../../../Engine/Content/EngineMaterials/BaseFlattenGrayscaleMap.uasset" 176
"../../../Engine/Content/EngineMaterials/BaseFlattenGrayscaleMap.uexp" 177
"../../../Engine/Content/Functions/Engine_MaterialFunctions02/PivotPainter2/Black_1x1_EXR_Texture.uasset" 178
"../../../Engine/Content/Functions/Engine_MaterialFunctions02/PivotPainter2/Black_1x1_EXR_Texture.uexp" 179
"../../../Engine/Content/EngineMaterials/FlattenMaterial.uasset" 180
"../../../Engine/Content/EngineMaterials/FlattenMaterial.uexp" 181
"../../../Engine/Content/EngineMaterials/FastBlueNoise_vec2_128x128x64.uasset" 182
"../../../Engine/Content/EngineMaterials/FastBlueNoise_vec2_128x128x64.uexp" 183
"../../../Engine/Content/EngineMaterials/FastBlueNoise_scalar_128x128x8.uasset" 184
"../../../Engine/Content/EngineMaterials/FastBlueNoise_scalar_128x128x8.uexp" 185
"../../../Engine/Content/EngineMaterials/FastBlueNoise_scalar_128x128x64.uasset" 186
"../../../Engine/Content/EngineMaterials/FastBlueNoise_scalar_128x128x64.uexp" 187
"../../../Engine/Content/EngineMaterials/DefaultWhiteGrid_Low.uasset" 188
"../../../Engine/Content/EngineMaterials/DefaultWhiteGrid_Low.uexp" 189
"../../../Engine/Content/EngineMaterials/EmissiveMeshMaterial.uasset" 190
"../../../Engine/Content/EngineMaterials/EmissiveMeshMaterial.uexp" 191
"../../../Engine/Content/EngineMaterials/DefaultWhiteGrid.ubulk" 192
"../../../Engine/Content/EngineMaterials/DefaultWhiteGrid.uasset" 193
"../../../Engine/Content/EngineMaterials/DefaultWhiteGrid.uexp" 194
"../../../Engine/Content/EngineFonts/RobotoDistanceField.uasset" 195
"../../../Engine/Content/EngineFonts/RobotoDistanceField.uexp" 196
"../../../Engine/Content/EngineMaterials/DefaultTextMaterialOpaque.uasset" 197
"../../../Engine/Content/EngineMaterials/DefaultTextMaterialOpaque.uexp" 198
"../../../Engine/Content/EngineMaterials/DefaultPostProcessMaterial.uasset" 199
"../../../Engine/Content/EngineMaterials/DefaultPostProcessMaterial.uexp" 200
"../../../Engine/Content/EngineMaterials/DefaultLightFunctionMaterial.uasset" 201
"../../../Engine/Content/EngineMaterials/DefaultLightFunctionMaterial.uexp" 202
"../../../Engine/Content/EngineMaterials/DefaultDeferredDecalMaterial.uasset" 203
"../../../Engine/Content/EngineMaterials/DefaultDeferredDecalMaterial.uexp" 204
"../../../Engine/Content/EngineMaterials/DefaultBokeh.uasset" 205
"../../../Engine/Content/EngineMaterials/DefaultBokeh.uexp" 206
"../../../Engine/Content/EngineMaterials/DefaultBloomKernel.uasset" 207
"../../../Engine/Content/EngineMaterials/DefaultBloomKernel.uexp" 208
"../../../Engine/Content/Functions/Engine_MaterialFunctions02/Utility/CameraDirectionVector.uasset" 209
"../../../Engine/Content/Functions/Engine_MaterialFunctions02/Utility/CameraDirectionVector.uexp" 210
"../../../Engine/Content/EngineDebugMaterials/VolumeToRender.uasset" 211
"../../../Engine/Content/EngineDebugMaterials/VolumeToRender.uexp" 212
"../../../Engine/Content/EngineDebugMaterials/M_VolumeRenderSphereTracePP.uasset" 213
"../../../Engine/Content/EngineDebugMaterials/M_VolumeRenderSphereTracePP.uexp" 214
"../../../Engine/Content/EngineDebugMaterials/M_SimpleUnlitTranslucent.uasset" 215
"../../../Engine/Content/EngineDebugMaterials/M_SimpleUnlitTranslucent.uexp" 216
"../../../Engine/Content/EngineDebugMaterials/DebugMeshMaterial.uasset" 217
"../../../Engine/Content/EngineDebugMaterials/DebugMeshMaterial.uexp" 218
"../../../Engine/Content/EngineDebugMaterials/DebugEditorMaterial.uasset" 219
"../../../Engine/Content/EngineDebugMaterials/DebugEditorMaterial.uexp" 220
"../../../Engine/Content/EngineDamageTypes/DmgTypeBP_Environmental.uasset" 221
"../../../Engine/Content/EngineDamageTypes/DmgTypeBP_Environmental.uexp" 222
"../../../Engine/Plugins/Runtime/AudioWidgets/Content/Resources/ScrubHandleDown_Clamped.uasset" 223
"../../../Engine/Plugins/Runtime/AudioWidgets/Content/Resources/ScrubHandleDown_Clamped.uexp" 224
"D:/Unreal Projects/Amberial UE Remake/Amberial/Content/Sound/CB_SFX.uasset" 225
"D:/Unreal Projects/Amberial UE Remake/Amberial/Content/Sound/CB_SFX.uexp" 226
"D:/Unreal Projects/Amberial UE Remake/Amberial/Content/Sound/CB_BGM.uasset" 227
"D:/Unreal Projects/Amberial UE Remake/Amberial/Content/Sound/CB_BGM.uexp" 228
"D:/Unreal Projects/Amberial UE Remake/Amberial/Content/Sound/CBM_Mix.uasset" 229
"D:/Unreal Projects/Amberial UE Remake/Amberial/Content/Sound/CBM_Mix.uexp" 230
"D:/Unreal Projects/Amberial UE Remake/Amberial/Content/Blueprints/BP_UserSettingsSave.uasset" 231
"D:/Unreal Projects/Amberial UE Remake/Amberial/Content/Blueprints/BP_UserSettingsSave.uexp" 232
"D:/Unreal Projects/Amberial UE Remake/Amberial/Content/Blueprints/BP_GameDataSave.uasset" 233
"D:/Unreal Projects/Amberial UE Remake/Amberial/Content/Blueprints/BP_GameDataSave.uexp" 234
"D:/Unreal Projects/Amberial UE Remake/Amberial/Content/Blueprints/BP_GameInstance.uasset" 235
"D:/Unreal Projects/Amberial UE Remake/Amberial/Content/Blueprints/BP_GameInstance.uexp" 236
"../../../Engine/Plugins/Interchange/Assets/Content/Functions/MX_UsdPreviewSurface.uasset" 237
"../../../Engine/Plugins/Interchange/Assets/Content/Functions/MX_UsdPreviewSurface.uexp" 238
"../../../Engine/Plugins/Interchange/Assets/Content/Functions/MX_UniformEDF.uasset" 239
"../../../Engine/Plugins/Interchange/Assets/Content/Functions/MX_UniformEDF.uexp" 240
"../../../Engine/Plugins/Interchange/Assets/Content/Functions/MX_TranslucentBSDF.uasset" 241
"../../../Engine/Plugins/Interchange/Assets/Content/Functions/MX_TranslucentBSDF.uexp" 242
"../../../Engine/Plugins/Interchange/Assets/Content/Functions/MX_ThinFilmBSDF.uasset" 243
"../../../Engine/Plugins/Interchange/Assets/Content/Functions/MX_ThinFilmBSDF.uexp" 244
"../../../Engine/Plugins/Interchange/Assets/Content/Functions/MX_SurfaceUnlit.uasset" 245
"../../../Engine/Plugins/Interchange/Assets/Content/Functions/MX_SurfaceUnlit.uexp" 246
"../../../Engine/Plugins/Interchange/Assets/Content/Functions/MX_Surface.uasset" 247
"../../../Engine/Plugins/Interchange/Assets/Content/Functions/MX_Surface.uexp" 248
"../../../Engine/Plugins/Interchange/Assets/Content/Functions/MX_SubsurfaceBSDF.uasset" 249
"../../../Engine/Plugins/Interchange/Assets/Content/Functions/MX_SubsurfaceBSDF.uexp" 250
"../../../Engine/Plugins/Interchange/Assets/Content/Functions/MX_SheenBSDF.uasset" 251
"../../../Engine/Plugins/Interchange/Assets/Content/Functions/MX_SheenBSDF.uexp" 252
"../../../Engine/Plugins/Interchange/Assets/Content/Functions/MX_OrenNayarBSDF.uasset" 253
"../../../Engine/Plugins/Interchange/Assets/Content/Functions/MX_OrenNayarBSDF.uexp" 254
"../../../Engine/Plugins/Interchange/Assets/Content/Functions/MF_IridescenceNoLUT.uasset" 255
"../../../Engine/Plugins/Interchange/Assets/Content/Functions/MF_IridescenceNoLUT.uexp" 256
"../../../Engine/Plugins/Interchange/Assets/Content/Functions/MX_StandardSurface.uasset" 257
"../../../Engine/Plugins/Interchange/Assets/Content/Functions/MX_StandardSurface.uexp" 258
"../../../Engine/Plugins/Interchange/Assets/Content/Functions/MX_TransmissionSurface.uasset" 259
"../../../Engine/Plugins/Interchange/Assets/Content/Functions/MX_TransmissionSurface.uexp" 260
"../../../Engine/Plugins/Interchange/Assets/Content/Functions/MX_OpenPBR_Translucent.uasset" 261
"../../../Engine/Plugins/Interchange/Assets/Content/Functions/MX_OpenPBR_Translucent.uexp" 262
"../../../Engine/Plugins/Interchange/Assets/Content/Functions/MX_OpenPBR_Opaque.uasset" 263
"../../../Engine/Plugins/Interchange/Assets/Content/Functions/MX_OpenPBR_Opaque.uexp" 264
"../../../Engine/Plugins/Interchange/Assets/Content/Functions/MX_MeasuredEDF.uasset" 265
"../../../Engine/Plugins/Interchange/Assets/Content/Functions/MX_MeasuredEDF.uexp" 266
"../../../Engine/Plugins/Interchange/Assets/Content/Functions/MX_GeneralizedSchlickBSDF.uasset" 267
"../../../Engine/Plugins/Interchange/Assets/Content/Functions/MX_GeneralizedSchlickBSDF.uexp" 268
"../../../Engine/Plugins/Interchange/Assets/Content/Functions/MX_Displacement.uasset" 269
"../../../Engine/Plugins/Interchange/Assets/Content/Functions/MX_Displacement.uexp" 270
"../../../Engine/Plugins/Interchange/Assets/Content/Functions/MX_DielectricBSDF.uasset" 271
"../../../Engine/Plugins/Interchange/Assets/Content/Functions/MX_DielectricBSDF.uexp" 272
"../../../Engine/Plugins/Interchange/Assets/Content/Functions/MX_ConicalEDF.uasset" 273
"../../../Engine/Plugins/Interchange/Assets/Content/Functions/MX_ConicalEDF.uexp" 274
"../../../Engine/Plugins/Interchange/Assets/Content/Functions/MX_ConductorBSDF.uasset" 275
"../../../Engine/Plugins/Interchange/Assets/Content/Functions/MX_ConductorBSDF.uexp" 276
"../../../Engine/Plugins/Interchange/Assets/Content/Functions/MX_BurleyDiffuseBSDF.uasset" 277
"../../../Engine/Plugins/Interchange/Assets/Content/Functions/MX_BurleyDiffuseBSDF.uexp" 278
"../../../Engine/Plugins/Interchange/Assets/Content/Functions/MX_AnisotropicVDF.uasset" 279
"../../../Engine/Plugins/Interchange/Assets/Content/Functions/MX_AnisotropicVDF.uexp" 280
"../../../Engine/Plugins/Interchange/Assets/Content/Functions/MX_AbsorptionVDF.uasset" 281
"../../../Engine/Plugins/Interchange/Assets/Content/Functions/MX_AbsorptionVDF.uexp" 282
"../../../Engine/Content/EngineResources/FilmGrains/Marcie_Grain_v3_128_M2_000.uasset" 283
"../../../Engine/Content/EngineResources/FilmGrains/Marcie_Grain_v3_128_M2_000.uexp" 284
"../../../Engine/Content/EngineResources/Development/ZenLogo_64.uasset" 285
"../../../Engine/Content/EngineResources/Development/ZenLogo_64.uexp" 286
"../../../Engine/Content/EngineMaterials/LTC/Sheen_LTC.uasset" 287
"../../../Engine/Content/EngineMaterials/LTC/Sheen_LTC.uexp" 288
"../../../Engine/Content/EngineMaterials/LTC/GGX_LTCMat.uasset" 289
"../../../Engine/Content/EngineMaterials/LTC/GGX_LTCMat.uexp" 290
"../../../Engine/Content/EngineMaterials/LTC/GGX_LTCAmp.uasset" 291
"../../../Engine/Content/EngineMaterials/LTC/GGX_LTCAmp.uexp" 292
"../../../Engine/Content/EngineMaterials/EnergyConservation/Sheen_Energy.uasset" 293
"../../../Engine/Content/EngineMaterials/EnergyConservation/Sheen_Energy.uexp" 294
"../../../Engine/Content/EngineMaterials/EnergyConservation/SheenLegacy_Energy.uasset" 295
"../../../Engine/Content/EngineMaterials/EnergyConservation/SheenLegacy_Energy.uexp" 296
"../../../Engine/Content/EngineMaterials/EnergyConservation/GGX_TransmissionEnergyArray.uasset" 297
"../../../Engine/Content/EngineMaterials/EnergyConservation/GGX_TransmissionEnergyArray.uexp" 298
"../../../Engine/Content/EngineMaterials/EnergyConservation/GGX_ReflectionEnergy.uasset" 299
"../../../Engine/Content/EngineMaterials/EnergyConservation/GGX_ReflectionEnergy.uexp" 300
"../../../Engine/Content/EngineMaterials/EnergyConservation/Diffuse_Energy.uasset" 301
"../../../Engine/Content/EngineMaterials/EnergyConservation/Diffuse_Energy.uexp" 302
"../../../Engine/Content/Functions/Engine_MaterialFunctions01/Shading/PowerToRoughness.uasset" 303
"../../../Engine/Content/Functions/Engine_MaterialFunctions01/Shading/PowerToRoughness.uexp" 304
"../../../Engine/Content/Functions/Engine_MaterialFunctions01/Shading/ConvertFromDiffSpec.uasset" 305
"../../../Engine/Content/Functions/Engine_MaterialFunctions01/Shading/ConvertFromDiffSpec.uexp" 306
"../../../Engine/Content/EngineMeshes/Sphere.ubulk" 307
"../../../Engine/Content/EngineMeshes/Sphere.uasset" 308
"../../../Engine/Content/EngineMeshes/Sphere.uexp" 309
"../../../Engine/Content/EngineMaterials/T_Default_Material_Grid_M.ubulk" 310
"../../../Engine/Content/EngineMaterials/T_Default_Material_Grid_M.uasset" 311
"../../../Engine/Content/EngineMaterials/T_Default_Material_Grid_M.uexp" 312
"../../../Engine/Content/Functions/Engine_MaterialFunctions01/Opacity/CameraDepthFade.uasset" 313
"../../../Engine/Content/Functions/Engine_MaterialFunctions01/Opacity/CameraDepthFade.uexp" 314
"../../../Engine/Content/EngineMaterials/T_Default_Material_Grid_N.ubulk" 315
"../../../Engine/Content/EngineMaterials/T_Default_Material_Grid_N.uasset" 316
"../../../Engine/Content/EngineMaterials/T_Default_Material_Grid_N.uexp" 317
"../../../Engine/Content/EngineMaterials/WorldGridMaterial.uasset" 318
"../../../Engine/Content/EngineMaterials/WorldGridMaterial.uexp" 319
"../../../Engine/Plugins/Media/MediaPlate/Content/SM_MediaPlateScreen.ubulk" 320
"../../../Engine/Plugins/Media/MediaPlate/Content/SM_MediaPlateScreen.uasset" 321
"../../../Engine/Plugins/Media/MediaPlate/Content/SM_MediaPlateScreen.uexp" 322
"../../../Engine/Content/EngineMaterials/DefaultMaterial.uasset" 323
"../../../Engine/Content/EngineMaterials/DefaultMaterial.uexp" 324
"../../../Engine/Content/BasicShapes/Sphere.ubulk" 325
"../../../Engine/Content/BasicShapes/Sphere.uasset" 326
"../../../Engine/Content/BasicShapes/Sphere.uexp" 327
"../../../Engine/Content/BasicShapes/Plane.ubulk" 328
"../../../Engine/Content/BasicShapes/Plane.uasset" 329
"../../../Engine/Content/BasicShapes/Plane.uexp" 330
"../../../Engine/Content/BasicShapes/Cylinder.ubulk" 331
"../../../Engine/Content/BasicShapes/Cylinder.uasset" 332
"../../../Engine/Content/BasicShapes/Cylinder.uexp" 333
"../../../Engine/Content/BasicShapes/Cube.ubulk" 334
"../../../Engine/Content/BasicShapes/Cube.uasset" 335
"../../../Engine/Content/BasicShapes/Cube.uexp" 336
"../../../Engine/Content/BasicShapes/Cone.ubulk" 337
"../../../Engine/Content/BasicShapes/Cone.uasset" 338
"../../../Engine/Content/BasicShapes/Cone.uexp" 339
"../../../Engine/Plugins/Animation/ControlRig/Content/Controls/ControlRig_Wedge_solid.ubulk" 340
"../../../Engine/Plugins/Animation/ControlRig/Content/Controls/ControlRig_Wedge_solid.uasset" 341
"../../../Engine/Plugins/Animation/ControlRig/Content/Controls/ControlRig_Wedge_solid.uexp" 342
"../../../Engine/Plugins/Animation/ControlRig/Content/Controls/ControlRig_Wedge_3mm.ubulk" 343
"../../../Engine/Plugins/Animation/ControlRig/Content/Controls/ControlRig_Wedge_3mm.uasset" 344
"../../../Engine/Plugins/Animation/ControlRig/Content/Controls/ControlRig_Wedge_3mm.uexp" 345
"../../../Engine/Plugins/Animation/ControlRig/Content/Controls/ControlRig_Wedge_1mm.ubulk" 346
"../../../Engine/Plugins/Animation/ControlRig/Content/Controls/ControlRig_Wedge_1mm.uasset" 347
"../../../Engine/Plugins/Animation/ControlRig/Content/Controls/ControlRig_Wedge_1mm.uexp" 348
"../../../Engine/Plugins/Animation/ControlRig/Content/Controls/ControlRig_Triangle_solid.ubulk" 349
"../../../Engine/Plugins/Animation/ControlRig/Content/Controls/ControlRig_Triangle_solid.uasset" 350
"../../../Engine/Plugins/Animation/ControlRig/Content/Controls/ControlRig_Triangle_solid.uexp" 351
"../../../Engine/Plugins/Animation/ControlRig/Content/Controls/ControlRig_Triangle_3mm.ubulk" 352
"../../../Engine/Plugins/Animation/ControlRig/Content/Controls/ControlRig_Triangle_3mm.uasset" 353
"../../../Engine/Plugins/Animation/ControlRig/Content/Controls/ControlRig_Triangle_3mm.uexp" 354
"../../../Engine/Plugins/Animation/ControlRig/Content/Controls/ControlRig_Triangle_1mm.ubulk" 355
"../../../Engine/Plugins/Animation/ControlRig/Content/Controls/ControlRig_Triangle_1mm.uasset" 356
"../../../Engine/Plugins/Animation/ControlRig/Content/Controls/ControlRig_Triangle_1mm.uexp" 357
"../../../Engine/Plugins/Animation/ControlRig/Content/Controls/ControlRig_Star4_solid.ubulk" 358
"../../../Engine/Plugins/Animation/ControlRig/Content/Controls/ControlRig_Star4_solid.uasset" 359
"../../../Engine/Plugins/Animation/ControlRig/Content/Controls/ControlRig_Star4_solid.uexp" 360
"../../../Engine/Plugins/Animation/ControlRig/Content/Controls/ControlRig_Star4_3mm.ubulk" 361
"../../../Engine/Plugins/Animation/ControlRig/Content/Controls/ControlRig_Star4_3mm.uasset" 362
"../../../Engine/Plugins/Animation/ControlRig/Content/Controls/ControlRig_Star4_3mm.uexp" 363
"../../../Engine/Plugins/Animation/ControlRig/Content/Controls/ControlRig_Star4_1mm.ubulk" 364
"../../../Engine/Plugins/Animation/ControlRig/Content/Controls/ControlRig_Star4_1mm.uasset" 365
"../../../Engine/Plugins/Animation/ControlRig/Content/Controls/ControlRig_Star4_1mm.uexp" 366
"../../../Engine/Plugins/Animation/ControlRig/Content/Controls/ControlRig_Square_solid.ubulk" 367
"../../../Engine/Plugins/Animation/ControlRig/Content/Controls/ControlRig_Square_solid.uasset" 368
"../../../Engine/Plugins/Animation/ControlRig/Content/Controls/ControlRig_Square_solid.uexp" 369
"../../../Engine/Plugins/Animation/ControlRig/Content/Controls/ControlRig_Square_3mm.ubulk" 370
"../../../Engine/Plugins/Animation/ControlRig/Content/Controls/ControlRig_Square_3mm.uasset" 371
"../../../Engine/Plugins/Animation/ControlRig/Content/Controls/ControlRig_Square_3mm.uexp" 372
"../../../Engine/Plugins/Animation/ControlRig/Content/Controls/ControlRig_Square_1mm.ubulk" 373
"../../../Engine/Plugins/Animation/ControlRig/Content/Controls/ControlRig_Square_1mm.uasset" 374
"../../../Engine/Plugins/Animation/ControlRig/Content/Controls/ControlRig_Square_1mm.uexp" 375
"../../../Engine/Plugins/Animation/ControlRig/Content/Controls/ControlRig_Sphere_solid.ubulk" 376
"../../../Engine/Plugins/Animation/ControlRig/Content/Controls/ControlRig_Sphere_solid.uasset" 377
"../../../Engine/Plugins/Animation/ControlRig/Content/Controls/ControlRig_Sphere_solid.uexp" 378
"../../../Engine/Plugins/Animation/ControlRig/Content/Controls/ControlRig_Sphere_3mm.ubulk" 379
"../../../Engine/Plugins/Animation/ControlRig/Content/Controls/ControlRig_Sphere_3mm.uasset" 380
"../../../Engine/Plugins/Animation/ControlRig/Content/Controls/ControlRig_Sphere_3mm.uexp" 381
"../../../Engine/Plugins/Animation/ControlRig/Content/Controls/ControlRig_Sphere_1mm.ubulk" 382
"../../../Engine/Plugins/Animation/ControlRig/Content/Controls/ControlRig_Sphere_1mm.uasset" 383
"../../../Engine/Plugins/Animation/ControlRig/Content/Controls/ControlRig_Sphere_1mm.uexp" 384
"../../../Engine/Plugins/Animation/ControlRig/Content/Controls/ControlRig_RoundedTriangle_solid.ubulk" 385
"../../../Engine/Plugins/Animation/ControlRig/Content/Controls/ControlRig_RoundedTriangle_solid.uasset" 386
"../../../Engine/Plugins/Animation/ControlRig/Content/Controls/ControlRig_RoundedTriangle_solid.uexp" 387
"../../../Engine/Plugins/Animation/ControlRig/Content/Controls/ControlRig_RoundedTriangle_3mm.ubulk" 388
"../../../Engine/Plugins/Animation/ControlRig/Content/Controls/ControlRig_RoundedTriangle_3mm.uasset" 389
"../../../Engine/Plugins/Animation/ControlRig/Content/Controls/ControlRig_RoundedTriangle_3mm.uexp" 390
"../../../Engine/Plugins/Animation/ControlRig/Content/Controls/ControlRig_RoundedTriangle_1mm.ubulk" 391
"../../../Engine/Plugins/Animation/ControlRig/Content/Controls/ControlRig_RoundedTriangle_1mm.uasset" 392
"../../../Engine/Plugins/Animation/ControlRig/Content/Controls/ControlRig_RoundedTriangle_1mm.uexp" 393
"../../../Engine/Plugins/Animation/ControlRig/Content/Controls/ControlRig_RoundedSquare_solid.ubulk" 394
"../../../Engine/Plugins/Animation/ControlRig/Content/Controls/ControlRig_RoundedSquare_solid.uasset" 395
"../../../Engine/Plugins/Animation/ControlRig/Content/Controls/ControlRig_RoundedSquare_solid.uexp" 396
"../../../Engine/Plugins/Animation/ControlRig/Content/Controls/ControlRig_RoundedSquare_3mm.ubulk" 397
"../../../Engine/Plugins/Animation/ControlRig/Content/Controls/ControlRig_RoundedSquare_3mm.uasset" 398
"../../../Engine/Plugins/Animation/ControlRig/Content/Controls/ControlRig_RoundedSquare_3mm.uexp" 399
"../../../Engine/Plugins/Animation/ControlRig/Content/Controls/ControlRig_RoundedSquare_1mm.ubulk" 400
"../../../Engine/Plugins/Animation/ControlRig/Content/Controls/ControlRig_RoundedSquare_1mm.uasset" 401
"../../../Engine/Plugins/Animation/ControlRig/Content/Controls/ControlRig_RoundedSquare_1mm.uexp" 402
"../../../Engine/Plugins/Animation/ControlRig/Content/Controls/ControlRig_QuarterCircle_solid.ubulk" 403
"../../../Engine/Plugins/Animation/ControlRig/Content/Controls/ControlRig_QuarterCircle_solid.uasset" 404
"../../../Engine/Plugins/Animation/ControlRig/Content/Controls/ControlRig_QuarterCircle_solid.uexp" 405
"../../../Engine/Plugins/Animation/ControlRig/Content/Controls/ControlRig_QuarterCircle_3mm.ubulk" 406
"../../../Engine/Plugins/Animation/ControlRig/Content/Controls/ControlRig_QuarterCircle_3mm.uasset" 407
"../../../Engine/Plugins/Animation/ControlRig/Content/Controls/ControlRig_QuarterCircle_3mm.uexp" 408
"../../../Engine/Plugins/Animation/ControlRig/Content/Controls/ControlRig_QuarterCircle_1mm.ubulk" 409
"../../../Engine/Plugins/Animation/ControlRig/Content/Controls/ControlRig_QuarterCircle_1mm.uasset" 410
"../../../Engine/Plugins/Animation/ControlRig/Content/Controls/ControlRig_QuarterCircle_1mm.uexp" 411
"../../../Engine/Plugins/Animation/ControlRig/Content/Controls/ControlRig_Pyramid_solid.ubulk" 412
"../../../Engine/Plugins/Animation/ControlRig/Content/Controls/ControlRig_Pyramid_solid.uasset" 413
"../../../Engine/Plugins/Animation/ControlRig/Content/Controls/ControlRig_Pyramid_solid.uexp" 414
"../../../Engine/Plugins/Animation/ControlRig/Content/Controls/ControlRig_Pyramid_3mm.ubulk" 415
"../../../Engine/Plugins/Animation/ControlRig/Content/Controls/ControlRig_Pyramid_3mm.uasset" 416
"../../../Engine/Plugins/Animation/ControlRig/Content/Controls/ControlRig_Pyramid_3mm.uexp" 417
"../../../Engine/Plugins/Animation/ControlRig/Content/Controls/ControlRig_Pyramid_1mm.ubulk" 418
"../../../Engine/Plugins/Animation/ControlRig/Content/Controls/ControlRig_Pyramid_1mm.uasset" 419
"../../../Engine/Plugins/Animation/ControlRig/Content/Controls/ControlRig_Pyramid_1mm.uexp" 420
"../../../Engine/Plugins/Animation/ControlRig/Content/Controls/ControlRig_Octagon_solid.ubulk" 421
"../../../Engine/Plugins/Animation/ControlRig/Content/Controls/ControlRig_Octagon_solid.uasset" 422
"../../../Engine/Plugins/Animation/ControlRig/Content/Controls/ControlRig_Octagon_solid.uexp" 423
"../../../Engine/Plugins/Animation/ControlRig/Content/Controls/ControlRig_Octagon_3mm.ubulk" 424
"../../../Engine/Plugins/Animation/ControlRig/Content/Controls/ControlRig_Octagon_3mm.uasset" 425
"../../../Engine/Plugins/Animation/ControlRig/Content/Controls/ControlRig_Octagon_3mm.uexp" 426
"../../../Engine/Plugins/Animation/ControlRig/Content/Controls/ControlRig_Octagon_1mm.ubulk" 427
"../../../Engine/Plugins/Animation/ControlRig/Content/Controls/ControlRig_Octagon_1mm.uasset" 428
"../../../Engine/Plugins/Animation/ControlRig/Content/Controls/ControlRig_Octagon_1mm.uexp" 429
"../../../Engine/Plugins/Animation/ControlRig/Content/Controls/ControlRig_Hexagon_solid.ubulk" 430
"../../../Engine/Plugins/Animation/ControlRig/Content/Controls/ControlRig_Hexagon_solid.uasset" 431
"../../../Engine/Plugins/Animation/ControlRig/Content/Controls/ControlRig_Hexagon_solid.uexp" 432
"../../../Engine/Plugins/Animation/ControlRig/Content/Controls/ControlRig_Hexagon_3mm.ubulk" 433
"../../../Engine/Plugins/Animation/ControlRig/Content/Controls/ControlRig_Hexagon_3mm.uasset" 434
"../../../Engine/Plugins/Animation/ControlRig/Content/Controls/ControlRig_Hexagon_3mm.uexp" 435
"../../../Engine/Plugins/Animation/ControlRig/Content/Controls/ControlRig_Hexagon_1mm.ubulk" 436
"../../../Engine/Plugins/Animation/ControlRig/Content/Controls/ControlRig_Hexagon_1mm.uasset" 437
"../../../Engine/Plugins/Animation/ControlRig/Content/Controls/ControlRig_Hexagon_1mm.uexp" 438
"../../../Engine/Plugins/Animation/ControlRig/Content/Controls/ControlRig_HalfCircle_solid.ubulk" 439
"../../../Engine/Plugins/Animation/ControlRig/Content/Controls/ControlRig_HalfCircle_solid.uasset" 440
"../../../Engine/Plugins/Animation/ControlRig/Content/Controls/ControlRig_HalfCircle_solid.uexp" 441
"../../../Engine/Plugins/Animation/ControlRig/Content/Controls/ControlRig_HalfCircle_3mm.ubulk" 442
"../../../Engine/Plugins/Animation/ControlRig/Content/Controls/ControlRig_HalfCircle_3mm.uasset" 443
"../../../Engine/Plugins/Animation/ControlRig/Content/Controls/ControlRig_HalfCircle_3mm.uexp" 444
"../../../Engine/Plugins/Animation/ControlRig/Content/Controls/ControlRig_HalfCircle_1mm.ubulk" 445
"../../../Engine/Plugins/Animation/ControlRig/Content/Controls/ControlRig_HalfCircle_1mm.uasset" 446
"../../../Engine/Plugins/Animation/ControlRig/Content/Controls/ControlRig_HalfCircle_1mm.uexp" 447
"../../../Engine/Plugins/Animation/ControlRig/Content/Controls/ControlRig_Diamond_solid.ubulk" 448
"../../../Engine/Plugins/Animation/ControlRig/Content/Controls/ControlRig_Diamond_solid.uasset" 449
"../../../Engine/Plugins/Animation/ControlRig/Content/Controls/ControlRig_Diamond_solid.uexp" 450
"../../../Engine/Plugins/Animation/ControlRig/Content/Controls/ControlRig_Diamond_3mm.ubulk" 451
"../../../Engine/Plugins/Animation/ControlRig/Content/Controls/ControlRig_Diamond_3mm.uasset" 452
"../../../Engine/Plugins/Animation/ControlRig/Content/Controls/ControlRig_Diamond_3mm.uexp" 453
"../../../Engine/Plugins/Animation/ControlRig/Content/Controls/ControlRig_Diamond_1mm.ubulk" 454
"../../../Engine/Plugins/Animation/ControlRig/Content/Controls/ControlRig_Diamond_1mm.uasset" 455
"../../../Engine/Plugins/Animation/ControlRig/Content/Controls/ControlRig_Diamond_1mm.uexp" 456
"../../../Engine/Plugins/Animation/ControlRig/Content/Controls/ControlRig_Circle_solid.ubulk" 457
"../../../Engine/Plugins/Animation/ControlRig/Content/Controls/ControlRig_Circle_solid.uasset" 458
"../../../Engine/Plugins/Animation/ControlRig/Content/Controls/ControlRig_Circle_solid.uexp" 459
"../../../Engine/Plugins/Animation/ControlRig/Content/Controls/ControlRig_Circle_3mm.ubulk" 460
"../../../Engine/Plugins/Animation/ControlRig/Content/Controls/ControlRig_Circle_3mm.uasset" 461
"../../../Engine/Plugins/Animation/ControlRig/Content/Controls/ControlRig_Circle_3mm.uexp" 462
"../../../Engine/Plugins/Animation/ControlRig/Content/Controls/ControlRig_Circle_1mm.ubulk" 463
"../../../Engine/Plugins/Animation/ControlRig/Content/Controls/ControlRig_Circle_1mm.uasset" 464
"../../../Engine/Plugins/Animation/ControlRig/Content/Controls/ControlRig_Circle_1mm.uexp" 465
"../../../Engine/Plugins/Animation/ControlRig/Content/Controls/ControlRig_Box_solid.ubulk" 466
"../../../Engine/Plugins/Animation/ControlRig/Content/Controls/ControlRig_Box_solid.uasset" 467
"../../../Engine/Plugins/Animation/ControlRig/Content/Controls/ControlRig_Box_solid.uexp" 468
"../../../Engine/Plugins/Animation/ControlRig/Content/Controls/ControlRig_Box_3mm.ubulk" 469
"../../../Engine/Plugins/Animation/ControlRig/Content/Controls/ControlRig_Box_3mm.uasset" 470
"../../../Engine/Plugins/Animation/ControlRig/Content/Controls/ControlRig_Box_3mm.uexp" 471
"../../../Engine/Plugins/Animation/ControlRig/Content/Controls/ControlRig_Box_1mm.ubulk" 472
"../../../Engine/Plugins/Animation/ControlRig/Content/Controls/ControlRig_Box_1mm.uasset" 473
"../../../Engine/Plugins/Animation/ControlRig/Content/Controls/ControlRig_Box_1mm.uexp" 474
"../../../Engine/Plugins/Animation/ControlRig/Content/Controls/ControlRig_Arrow_solid.ubulk" 475
"../../../Engine/Plugins/Animation/ControlRig/Content/Controls/ControlRig_Arrow_solid.uasset" 476
"../../../Engine/Plugins/Animation/ControlRig/Content/Controls/ControlRig_Arrow_solid.uexp" 477
"../../../Engine/Plugins/Animation/ControlRig/Content/Controls/ControlRig_Arrow_3mm.ubulk" 478
"../../../Engine/Plugins/Animation/ControlRig/Content/Controls/ControlRig_Arrow_3mm.uasset" 479
"../../../Engine/Plugins/Animation/ControlRig/Content/Controls/ControlRig_Arrow_3mm.uexp" 480
"../../../Engine/Plugins/Animation/ControlRig/Content/Controls/ControlRig_Arrow_1mm.ubulk" 481
"../../../Engine/Plugins/Animation/ControlRig/Content/Controls/ControlRig_Arrow_1mm.uasset" 482
"../../../Engine/Plugins/Animation/ControlRig/Content/Controls/ControlRig_Arrow_1mm.uexp" 483
"../../../Engine/Plugins/Animation/ControlRig/Content/Controls/ControlRig_Arrow4_solid.ubulk" 484
"../../../Engine/Plugins/Animation/ControlRig/Content/Controls/ControlRig_Arrow4_solid.uasset" 485
"../../../Engine/Plugins/Animation/ControlRig/Content/Controls/ControlRig_Arrow4_solid.uexp" 486
"../../../Engine/Plugins/Animation/ControlRig/Content/Controls/ControlRig_Arrow4_3mm.ubulk" 487
"../../../Engine/Plugins/Animation/ControlRig/Content/Controls/ControlRig_Arrow4_3mm.uasset" 488
"../../../Engine/Plugins/Animation/ControlRig/Content/Controls/ControlRig_Arrow4_3mm.uexp" 489
"../../../Engine/Plugins/Animation/ControlRig/Content/Controls/ControlRig_Arrow4_1mm.ubulk" 490
"../../../Engine/Plugins/Animation/ControlRig/Content/Controls/ControlRig_Arrow4_1mm.uasset" 491
"../../../Engine/Plugins/Animation/ControlRig/Content/Controls/ControlRig_Arrow4_1mm.uexp" 492
"../../../Engine/Plugins/Animation/ControlRig/Content/Controls/ControlRig_Arrow2_solid.ubulk" 493
"../../../Engine/Plugins/Animation/ControlRig/Content/Controls/ControlRig_Arrow2_solid.uasset" 494
"../../../Engine/Plugins/Animation/ControlRig/Content/Controls/ControlRig_Arrow2_solid.uexp" 495
"../../../Engine/Plugins/Animation/ControlRig/Content/Controls/ControlRig_Arrow2_3mm.ubulk" 496
"../../../Engine/Plugins/Animation/ControlRig/Content/Controls/ControlRig_Arrow2_3mm.uasset" 497
"../../../Engine/Plugins/Animation/ControlRig/Content/Controls/ControlRig_Arrow2_3mm.uexp" 498
"../../../Engine/Plugins/Animation/ControlRig/Content/Controls/ControlRig_Arrow2_1mm.ubulk" 499
"../../../Engine/Plugins/Animation/ControlRig/Content/Controls/ControlRig_Arrow2_1mm.uasset" 500
"../../../Engine/Plugins/Animation/ControlRig/Content/Controls/ControlRig_Arrow2_1mm.uexp" 501
"../../../Engine/Content/EngineMaterials/WeightMapPlaceholderTexture.uasset" 502
"../../../Engine/Content/EngineMaterials/WeightMapPlaceholderTexture.uexp" 503
"../../../Engine/Content/EngineMaterials/WeightMapArrayPlaceholderTexture.uasset" 504
"../../../Engine/Content/EngineMaterials/WeightMapArrayPlaceholderTexture.uexp" 505
"../../../Engine/Content/EngineMaterials/Substrate/Glints2/AGlintTex2dArray2.uasset" 506
"../../../Engine/Content/EngineMaterials/Substrate/Glints2/AGlintTex2dArray2.uexp" 507
"../../../Engine/Content/EngineMaterials/Substrate/GLints/AGlintTex2dArray.uasset" 508
"../../../Engine/Content/EngineMaterials/Substrate/GLints/AGlintTex2dArray.uexp" 509
"../../../Engine/Content/ArtTools/RenderToTexture/Meshes/S_1_Unit_Plane.ubulk" 510
"../../../Engine/Content/ArtTools/RenderToTexture/Meshes/S_1_Unit_Plane.uasset" 511
"../../../Engine/Content/ArtTools/RenderToTexture/Meshes/S_1_Unit_Plane.uexp" 512
"../../../Engine/Content/EngineResources/DefaultTextureCube.uasset" 513
"../../../Engine/Content/EngineResources/DefaultTextureCube.uexp" 514
"../../../Engine/Content/EngineResources/DefaultVolumeTexture2D.uasset" 515
"../../../Engine/Content/EngineResources/DefaultVolumeTexture2D.uexp" 516
"../../../Engine/Content/EngineResources/DefaultVolumeTexture.uasset" 517
"../../../Engine/Content/EngineResources/DefaultVolumeTexture.uexp" 518
"../../../Engine/Plugins/2D/Paper2D/Content/DefaultSpriteMaterial.uasset" 519
"../../../Engine/Plugins/2D/Paper2D/Content/DefaultSpriteMaterial.uexp" 520
"../../../Engine/Plugins/2D/Paper2D/Content/OpaqueUnlitSpriteMaterial.uasset" 521
"../../../Engine/Plugins/2D/Paper2D/Content/OpaqueUnlitSpriteMaterial.uexp" 522
"../../../Engine/Plugins/2D/Paper2D/Content/MaskedUnlitSpriteMaterial.uasset" 523
"../../../Engine/Plugins/2D/Paper2D/Content/MaskedUnlitSpriteMaterial.uexp" 524
"../../../Engine/Content/Functions/Engine_MaterialFunctions03/Math/WithinRangeFloat2.uasset" 525
"../../../Engine/Content/Functions/Engine_MaterialFunctions03/Math/WithinRangeFloat2.uexp" 526
"../../../Engine/Content/Functions/Engine_MaterialFunctions02/Utility/MakeFloat3.uasset" 527
"../../../Engine/Content/Functions/Engine_MaterialFunctions02/Utility/MakeFloat3.uexp" 528
"../../../Engine/Content/Functions/Engine_MaterialFunctions02/Utility/BreakOutFloat3Components.uasset" 529
"../../../Engine/Content/Functions/Engine_MaterialFunctions02/Utility/BreakOutFloat3Components.uexp" 530
"../../../Engine/Content/Functions/Engine_MaterialFunctions02/Math/Transform3x3Matrix.uasset" 531
"../../../Engine/Content/Functions/Engine_MaterialFunctions02/Math/Transform3x3Matrix.uexp" 532
"../../../Engine/Content/Functions/Engine_MaterialFunctions02/SplitComponents.uasset" 533
"../../../Engine/Content/Functions/Engine_MaterialFunctions02/SplitComponents.uexp" 534
"../../../Engine/Content/EngineResources/LandscapeVisibilityLayerInfo.uasset" 535
"../../../Engine/Content/EngineResources/LandscapeVisibilityLayerInfo.uexp" 536
"../../../Engine/Content/EngineResources/WhiteSquareTexture.uasset" 537
"../../../Engine/Content/EngineResources/WhiteSquareTexture.uexp" 538
"../../../Engine/Content/EngineMaterials/Widget3DPassThrough.uasset" 539
"../../../Engine/Content/EngineMaterials/Widget3DPassThrough.uexp" 540
"../../../Engine/Content/EngineMaterials/Widget3DPassThrough_Translucent.uasset" 541
"../../../Engine/Content/EngineMaterials/Widget3DPassThrough_Translucent.uexp" 542
"../../../Engine/Content/EngineMaterials/Widget3DPassThrough_Translucent_OneSided.uasset" 543
"../../../Engine/Content/EngineMaterials/Widget3DPassThrough_Translucent_OneSided.uexp" 544
"../../../Engine/Content/EngineMaterials/Widget3DPassThrough_Opaque.uasset" 545
"../../../Engine/Content/EngineMaterials/Widget3DPassThrough_Opaque.uexp" 546
"../../../Engine/Content/EngineMaterials/Widget3DPassThrough_Opaque_OneSided.uasset" 547
"../../../Engine/Content/EngineMaterials/Widget3DPassThrough_Opaque_OneSided.uexp" 548
"../../../Engine/Content/EngineMaterials/Widget3DPassThrough_Masked_OneSided.uasset" 549
"../../../Engine/Content/EngineMaterials/Widget3DPassThrough_Masked_OneSided.uexp" 550
"../../../Engine/Content/EngineMaterials/Widget3DPassThrough_Masked.uasset" 551
"../../../Engine/Content/EngineMaterials/Widget3DPassThrough_Masked.uexp" 552
"../../../Engine/Plugins/Interchange/Assets/Content/gltf/Textures/T_White_srgb.uasset" 553
"../../../Engine/Plugins/Interchange/Assets/Content/gltf/Textures/T_White_srgb.uexp" 554
"../../../Engine/Plugins/Interchange/Assets/Content/gltf/MaterialFunctions/MF_BaseColor.uasset" 555
"../../../Engine/Plugins/Interchange/Assets/Content/gltf/MaterialFunctions/MF_BaseColor.uexp" 556
"../../../Engine/Plugins/Interchange/Assets/Content/gltf/MaterialFunctions/MF_RotateV2.uasset" 557
"../../../Engine/Plugins/Interchange/Assets/Content/gltf/MaterialFunctions/MF_RotateV2.uexp" 558
"../../../Engine/Plugins/Interchange/Assets/Content/gltf/MaterialFunctions/MF_TransformUVs.uasset" 559
"../../../Engine/Plugins/Interchange/Assets/Content/gltf/MaterialFunctions/MF_TransformUVs.uexp" 560
"../../../Engine/Plugins/Interchange/Assets/Content/gltf/MaterialBodies/MF_Unlit_Body.uasset" 561
"../../../Engine/Plugins/Interchange/Assets/Content/gltf/MaterialBodies/MF_Unlit_Body.uexp" 562
"../../../Engine/Plugins/Interchange/Assets/Content/gltf/M_Unlit.uasset" 563
"../../../Engine/Plugins/Interchange/Assets/Content/gltf/M_Unlit.uexp" 564
"../../../Engine/Plugins/Interchange/Assets/Content/gltf/MaterialInstances/MI_Unlit_Opaque_DS.uasset" 565
"../../../Engine/Plugins/Interchange/Assets/Content/gltf/MaterialInstances/MI_Unlit_Opaque_DS.uexp" 566
"../../../Engine/Plugins/Interchange/Assets/Content/gltf/MaterialInstances/MI_Unlit_Opaque.uasset" 567
"../../../Engine/Plugins/Interchange/Assets/Content/gltf/MaterialInstances/MI_Unlit_Opaque.uexp" 568
"../../../Engine/Plugins/Interchange/Assets/Content/gltf/MaterialInstances/MI_Unlit_Mask_DS.uasset" 569
"../../../Engine/Plugins/Interchange/Assets/Content/gltf/MaterialInstances/MI_Unlit_Mask_DS.uexp" 570
"../../../Engine/Plugins/Interchange/Assets/Content/gltf/MaterialInstances/MI_Unlit_Mask.uasset" 571
"../../../Engine/Plugins/Interchange/Assets/Content/gltf/MaterialInstances/MI_Unlit_Mask.uexp" 572
"../../../Engine/Plugins/Interchange/Assets/Content/gltf/MaterialInstances/MI_Unlit_Blend_DS.uasset" 573
"../../../Engine/Plugins/Interchange/Assets/Content/gltf/MaterialInstances/MI_Unlit_Blend_DS.uexp" 574
"../../../Engine/Plugins/Interchange/Assets/Content/gltf/MaterialInstances/MI_Unlit_Blend.uasset" 575
"../../../Engine/Plugins/Interchange/Assets/Content/gltf/MaterialInstances/MI_Unlit_Blend.uexp" 576
"../../../Engine/Content/Functions/Engine_MaterialFunctions02/Texturing/ScreenAlignedPixelToPixelUVs.uasset" 577
"../../../Engine/Content/Functions/Engine_MaterialFunctions02/Texturing/ScreenAlignedPixelToPixelUVs.uexp" 578
"../../../Engine/Plugins/Interchange/Assets/Content/Utilities/New_LUT.uasset" 579
"../../../Engine/Plugins/Interchange/Assets/Content/Utilities/New_LUT.uexp" 580
"../../../Engine/Content/Functions/Engine_MaterialFunctions03/Math/RemapValueRange.uasset" 581
"../../../Engine/Content/Functions/Engine_MaterialFunctions03/Math/RemapValueRange.uexp" 582
"../../../Engine/Plugins/Interchange/Assets/Content/Functions/MF_Iridescence.uasset" 583
"../../../Engine/Plugins/Interchange/Assets/Content/Functions/MF_Iridescence.uexp" 584
"../../../Engine/Plugins/Interchange/Assets/Content/gltf/MaterialFunctions/MF_Fresnel_DS.uasset" 585
"../../../Engine/Plugins/Interchange/Assets/Content/gltf/MaterialFunctions/MF_Fresnel_DS.uexp" 586
"../../../Engine/Plugins/Interchange/Assets/Content/gltf/MaterialFunctions/MF_IOR.uasset" 587
"../../../Engine/Plugins/Interchange/Assets/Content/gltf/MaterialFunctions/MF_IOR.uexp" 588
"../../../Engine/Plugins/Interchange/Assets/Content/gltf/MaterialFunctions/MF_Iridescence.uasset" 589
"../../../Engine/Plugins/Interchange/Assets/Content/gltf/MaterialFunctions/MF_Iridescence.uexp" 590
"../../../Engine/Plugins/Interchange/Assets/Content/gltf/Textures/T_White_Linear.uasset" 591
"../../../Engine/Plugins/Interchange/Assets/Content/gltf/Textures/T_White_Linear.uexp" 592
"../../../Engine/Plugins/Interchange/Assets/Content/gltf/MaterialFunctions/MF_MetallicRoughness.uasset" 593
"../../../Engine/Plugins/Interchange/Assets/Content/gltf/MaterialFunctions/MF_MetallicRoughness.uexp" 594
"../../../Engine/Plugins/Interchange/Assets/Content/gltf/MaterialFunctions/MF_RotateNormals_TS.uasset" 595
"../../../Engine/Plugins/Interchange/Assets/Content/gltf/MaterialFunctions/MF_RotateNormals_TS.uexp" 596
"../../../Engine/Plugins/Interchange/Assets/Content/gltf/MaterialFunctions/MF_ScaleNormal.uasset" 597
"../../../Engine/Plugins/Interchange/Assets/Content/gltf/MaterialFunctions/MF_ScaleNormal.uexp" 598
"../../../Engine/Plugins/Interchange/Assets/Content/gltf/Textures/T_Generic_N.uasset" 599
"../../../Engine/Plugins/Interchange/Assets/Content/gltf/Textures/T_Generic_N.uexp" 600
"../../../Engine/Plugins/Interchange/Assets/Content/gltf/MaterialFunctions/MF_Normals.uasset" 601
"../../../Engine/Plugins/Interchange/Assets/Content/gltf/MaterialFunctions/MF_Normals.uexp" 602
"../../../Engine/Plugins/Interchange/Assets/Content/gltf/MaterialFunctions/MF_Occlusion.uasset" 603
"../../../Engine/Plugins/Interchange/Assets/Content/gltf/MaterialFunctions/MF_Occlusion.uexp" 604
"../../../Engine/Plugins/Interchange/Assets/Content/gltf/MaterialFunctions/MF_Specular.uasset" 605
"../../../Engine/Plugins/Interchange/Assets/Content/gltf/MaterialFunctions/MF_Specular.uexp" 606
"../../../Engine/Plugins/Interchange/Assets/Content/gltf/Textures/T_Anisotropy_Direction_Linear.uasset" 607
"../../../Engine/Plugins/Interchange/Assets/Content/gltf/Textures/T_Anisotropy_Direction_Linear.uexp" 608
"../../../Engine/Plugins/Interchange/Assets/Content/gltf/MaterialFunctions/MF_SpecularAnisotropy.uasset" 609
"../../../Engine/Plugins/Interchange/Assets/Content/gltf/MaterialFunctions/MF_SpecularAnisotropy.uexp" 610
"../../../Engine/Plugins/Interchange/Assets/Content/gltf/MaterialFunctions/MF_Temporal_Blur.uasset" 611
"../../../Engine/Plugins/Interchange/Assets/Content/gltf/MaterialFunctions/MF_Temporal_Blur.uexp" 612
"../../../Engine/Plugins/Interchange/Assets/Content/gltf/MaterialFunctions/MF_Transmission.uasset" 613
"../../../Engine/Plugins/Interchange/Assets/Content/gltf/MaterialFunctions/MF_Transmission.uexp" 614
"../../../Engine/Plugins/Interchange/Assets/Content/gltf/MaterialBodies/MF_Transmission_Body.uasset" 615
"../../../Engine/Plugins/Interchange/Assets/Content/gltf/MaterialBodies/MF_Transmission_Body.uexp" 616
"../../../Engine/Plugins/Interchange/Assets/Content/gltf/M_Transmission.uasset" 617
"../../../Engine/Plugins/Interchange/Assets/Content/gltf/M_Transmission.uexp" 618
"../../../Engine/Plugins/Interchange/Assets/Content/gltf/MaterialInstances/MI_Transmission_DS.uasset" 619
"../../../Engine/Plugins/Interchange/Assets/Content/gltf/MaterialInstances/MI_Transmission_DS.uexp" 620
"../../../Engine/Plugins/Interchange/Assets/Content/gltf/MaterialInstances/MI_Transmission.uasset" 621
"../../../Engine/Plugins/Interchange/Assets/Content/gltf/MaterialInstances/MI_Transmission.uexp" 622
"../../../Engine/Content/Functions/Engine_MaterialFunctions02/Math/AddComponents.uasset" 623
"../../../Engine/Content/Functions/Engine_MaterialFunctions02/Math/AddComponents.uexp" 624
"../../../Engine/Plugins/Interchange/Assets/Content/gltf/MaterialFunctions/MF_DiffuseSpecGloss.uasset" 625
"../../../Engine/Plugins/Interchange/Assets/Content/gltf/MaterialFunctions/MF_DiffuseSpecGloss.uexp" 626
"../../../Engine/Plugins/Interchange/Assets/Content/gltf/MaterialFunctions/MF_Emissive.uasset" 627
"../../../Engine/Plugins/Interchange/Assets/Content/gltf/MaterialFunctions/MF_Emissive.uexp" 628
"../../../Engine/Plugins/Interchange/Assets/Content/gltf/MaterialFunctions/MF_MaxComponentValue.uasset" 629
"../../../Engine/Plugins/Interchange/Assets/Content/gltf/MaterialFunctions/MF_MaxComponentValue.uexp" 630
"../../../Engine/Plugins/Interchange/Assets/Content/gltf/MaterialFunctions/MF_PerceivedBrightness.uasset" 631
"../../../Engine/Plugins/Interchange/Assets/Content/gltf/MaterialFunctions/MF_PerceivedBrightness.uexp" 632
"../../../Engine/Plugins/Interchange/Assets/Content/gltf/MaterialFunctions/MF_SpecGlossToMetalRoughness.uasset" 633
"../../../Engine/Plugins/Interchange/Assets/Content/gltf/MaterialFunctions/MF_SpecGlossToMetalRoughness.uexp" 634
"../../../Engine/Plugins/Interchange/Assets/Content/gltf/MaterialBodies/MF_SpecularGlossiness_Body.uasset" 635
"../../../Engine/Plugins/Interchange/Assets/Content/gltf/MaterialBodies/MF_SpecularGlossiness_Body.uexp" 636
"../../../Engine/Plugins/Interchange/Assets/Content/gltf/M_SpecularGlossiness.uasset" 637
"../../../Engine/Plugins/Interchange/Assets/Content/gltf/M_SpecularGlossiness.uexp" 638
"../../../Engine/Plugins/Interchange/Assets/Content/gltf/MaterialInstances/MI_SpecularGlossiness_Opaque_DS.uasset" 639
"../../../Engine/Plugins/Interchange/Assets/Content/gltf/MaterialInstances/MI_SpecularGlossiness_Opaque_DS.uexp" 640
"../../../Engine/Plugins/Interchange/Assets/Content/gltf/MaterialInstances/MI_SpecularGlossiness_Opaque.uasset" 641
"../../../Engine/Plugins/Interchange/Assets/Content/gltf/MaterialInstances/MI_SpecularGlossiness_Opaque.uexp" 642
"../../../Engine/Plugins/Interchange/Assets/Content/gltf/MaterialInstances/MI_SpecularGlossiness_Mask_DS.uasset" 643
"../../../Engine/Plugins/Interchange/Assets/Content/gltf/MaterialInstances/MI_SpecularGlossiness_Mask_DS.uexp" 644
"../../../Engine/Plugins/Interchange/Assets/Content/gltf/MaterialInstances/MI_SpecularGlossiness_Mask.uasset" 645
"../../../Engine/Plugins/Interchange/Assets/Content/gltf/MaterialInstances/MI_SpecularGlossiness_Mask.uexp" 646
"../../../Engine/Plugins/Interchange/Assets/Content/gltf/MaterialInstances/MI_SpecularGlossiness_Blend_DS.uasset" 647
"../../../Engine/Plugins/Interchange/Assets/Content/gltf/MaterialInstances/MI_SpecularGlossiness_Blend_DS.uexp" 648
"../../../Engine/Plugins/Interchange/Assets/Content/gltf/MaterialInstances/MI_SpecularGlossiness_Blend.uasset" 649
"../../../Engine/Plugins/Interchange/Assets/Content/gltf/MaterialInstances/MI_SpecularGlossiness_Blend.uexp" 650
"../../../Engine/Plugins/Interchange/Assets/Content/gltf/MaterialFunctions/MF_Sheen.uasset" 651
"../../../Engine/Plugins/Interchange/Assets/Content/gltf/MaterialFunctions/MF_Sheen.uexp" 652
"../../../Engine/Plugins/Interchange/Assets/Content/gltf/MaterialBodies/MF_Sheen_Body.uasset" 653
"../../../Engine/Plugins/Interchange/Assets/Content/gltf/MaterialBodies/MF_Sheen_Body.uexp" 654
"../../../Engine/Plugins/Interchange/Assets/Content/gltf/M_Sheen.uasset" 655
"../../../Engine/Plugins/Interchange/Assets/Content/gltf/M_Sheen.uexp" 656
"../../../Engine/Plugins/Interchange/Assets/Content/gltf/MaterialInstances/MI_Sheen_Opaque_DS.uasset" 657
"../../../Engine/Plugins/Interchange/Assets/Content/gltf/MaterialInstances/MI_Sheen_Opaque_DS.uexp" 658
"../../../Engine/Plugins/Interchange/Assets/Content/gltf/MaterialInstances/MI_Sheen_Opaque.uasset" 659
"../../../Engine/Plugins/Interchange/Assets/Content/gltf/MaterialInstances/MI_Sheen_Opaque.uexp" 660
"../../../Engine/Plugins/Interchange/Assets/Content/gltf/MaterialInstances/MI_Sheen_Mask_DS.uasset" 661
"../../../Engine/Plugins/Interchange/Assets/Content/gltf/MaterialInstances/MI_Sheen_Mask_DS.uexp" 662
"../../../Engine/Plugins/Interchange/Assets/Content/gltf/MaterialInstances/MI_Sheen_Mask.uasset" 663
"../../../Engine/Plugins/Interchange/Assets/Content/gltf/MaterialInstances/MI_Sheen_Mask.uexp" 664
"../../../Engine/Plugins/Interchange/Assets/Content/gltf/MaterialInstances/MI_Sheen_Blend_DS.uasset" 665
"../../../Engine/Plugins/Interchange/Assets/Content/gltf/MaterialInstances/MI_Sheen_Blend_DS.uexp" 666
"../../../Engine/Plugins/Interchange/Assets/Content/gltf/MaterialInstances/MI_Sheen_Blend.uasset" 667
"../../../Engine/Plugins/Interchange/Assets/Content/gltf/MaterialInstances/MI_Sheen_Blend.uexp" 668
"../../../Engine/Plugins/Interchange/Assets/Content/gltf/MaterialBodies/MF_Default_Body.uasset" 669
"../../../Engine/Plugins/Interchange/Assets/Content/gltf/MaterialBodies/MF_Default_Body.uexp" 670
"../../../Engine/Plugins/Interchange/Assets/Content/gltf/M_Default.uasset" 671
"../../../Engine/Plugins/Interchange/Assets/Content/gltf/M_Default.uexp" 672
"../../../Engine/Plugins/Interchange/Assets/Content/gltf/MaterialInstances/MI_Default_Opaque_DS.uasset" 673
"../../../Engine/Plugins/Interchange/Assets/Content/gltf/MaterialInstances/MI_Default_Opaque_DS.uexp" 674
"../../../Engine/Plugins/Interchange/Assets/Content/gltf/MaterialInstances/MI_Default_Opaque.uasset" 675
"../../../Engine/Plugins/Interchange/Assets/Content/gltf/MaterialInstances/MI_Default_Opaque.uexp" 676
"../../../Engine/Plugins/Interchange/Assets/Content/gltf/MaterialInstances/MI_Default_Mask_DS.uasset" 677
"../../../Engine/Plugins/Interchange/Assets/Content/gltf/MaterialInstances/MI_Default_Mask_DS.uexp" 678
"../../../Engine/Plugins/Interchange/Assets/Content/gltf/MaterialInstances/MI_Default_Mask.uasset" 679
"../../../Engine/Plugins/Interchange/Assets/Content/gltf/MaterialInstances/MI_Default_Mask.uexp" 680
"../../../Engine/Plugins/Interchange/Assets/Content/gltf/MaterialInstances/MI_Default_Blend_DS.uasset" 681
"../../../Engine/Plugins/Interchange/Assets/Content/gltf/MaterialInstances/MI_Default_Blend_DS.uexp" 682
"../../../Engine/Plugins/Interchange/Assets/Content/gltf/MaterialInstances/MI_Default_Blend.uasset" 683
"../../../Engine/Plugins/Interchange/Assets/Content/gltf/MaterialInstances/MI_Default_Blend.uexp" 684
"../../../Engine/Content/Functions/Engine_MaterialFunctions01/Texturing/FlattenNormal.uasset" 685
"../../../Engine/Content/Functions/Engine_MaterialFunctions01/Texturing/FlattenNormal.uexp" 686
"../../../Engine/Plugins/Interchange/Assets/Content/gltf/MaterialFunctions/MF_Clearcoat.uasset" 687
"../../../Engine/Plugins/Interchange/Assets/Content/gltf/MaterialFunctions/MF_Clearcoat.uexp" 688
"../../../Engine/Plugins/Interchange/Assets/Content/gltf/MaterialBodies/MF_ClearCoat_Body.uasset" 689
"../../../Engine/Plugins/Interchange/Assets/Content/gltf/MaterialBodies/MF_ClearCoat_Body.uexp" 690
"../../../Engine/Plugins/Interchange/Assets/Content/gltf/M_ClearCoat.uasset" 691
"../../../Engine/Plugins/Interchange/Assets/Content/gltf/M_ClearCoat.uexp" 692
"../../../Engine/Plugins/Interchange/Assets/Content/gltf/MaterialInstances/MI_ClearCoat_Opaque_DS.uasset" 693
"../../../Engine/Plugins/Interchange/Assets/Content/gltf/MaterialInstances/MI_ClearCoat_Opaque_DS.uexp" 694
"../../../Engine/Plugins/Interchange/Assets/Content/gltf/MaterialInstances/MI_ClearCoat_Opaque.uasset" 695
"../../../Engine/Plugins/Interchange/Assets/Content/gltf/MaterialInstances/MI_ClearCoat_Opaque.uexp" 696
"../../../Engine/Plugins/Interchange/Assets/Content/gltf/MaterialInstances/MI_ClearCoat_Mask_DS.uasset" 697
"../../../Engine/Plugins/Interchange/Assets/Content/gltf/MaterialInstances/MI_ClearCoat_Mask_DS.uexp" 698
"../../../Engine/Plugins/Interchange/Assets/Content/gltf/MaterialInstances/MI_ClearCoat_Mask.uasset" 699
"../../../Engine/Plugins/Interchange/Assets/Content/gltf/MaterialInstances/MI_ClearCoat_Mask.uexp" 700
"../../../Engine/Plugins/Interchange/Assets/Content/gltf/MaterialInstances/MI_ClearCoat_Blend_DS.uasset" 701
"../../../Engine/Plugins/Interchange/Assets/Content/gltf/MaterialInstances/MI_ClearCoat_Blend_DS.uexp" 702
"../../../Engine/Plugins/Interchange/Assets/Content/gltf/MaterialInstances/MI_ClearCoat_Blend.uasset" 703
"../../../Engine/Plugins/Interchange/Assets/Content/gltf/MaterialInstances/MI_ClearCoat_Blend.uexp" 704
"../../../Engine/Content/EngineMaterials/Substrate/Volume/SubstrateSimpleVolumeLUT3D.uasset" 705
"../../../Engine/Content/EngineMaterials/Substrate/Volume/SubstrateSimpleVolumeLUT3D.uexp" 706
"../../../Engine/Content/EngineMaterials/Substrate/Volume/SubstrateSimpleVolumeEnvLUT3D.uasset" 707
"../../../Engine/Content/EngineMaterials/Substrate/Volume/SubstrateSimpleVolumeEnvLUT3D.uexp" 708
"../../../Engine/Content/Maps/Entry_BuiltData.uasset" 709
"../../../Engine/Content/Maps/Entry_BuiltData.uexp" 710
"../../../Engine/Content/Maps/Entry.uexp" 711
"../../../Engine/Content/Maps/Entry.umap" 712
"D:/Unreal Projects/Amberial UE Remake/Amberial/Content/Widgets/ArmorGamesSplashIntro/Mats/T_SwordShine.uasset" 713
"D:/Unreal Projects/Amberial UE Remake/Amberial/Content/Widgets/ArmorGamesSplashIntro/Mats/T_SwordShine.uexp" 714
"D:/Unreal Projects/Amberial UE Remake/Amberial/Content/Widgets/ArmorGamesSplashIntro/Mats/T_Sword.uasset" 715
"D:/Unreal Projects/Amberial UE Remake/Amberial/Content/Widgets/ArmorGamesSplashIntro/Mats/T_Sword.uexp" 716
"D:/Unreal Projects/Amberial UE Remake/Amberial/Content/Widgets/ArmorGamesSplashIntro/Mats/T_Intro_Border.uasset" 717
"D:/Unreal Projects/Amberial UE Remake/Amberial/Content/Widgets/ArmorGamesSplashIntro/Mats/T_Intro_Border.uexp" 718
"D:/Unreal Projects/Amberial UE Remake/Amberial/Content/Widgets/ArmorGamesSplashIntro/Mats/T_ArmorGamesSite.uasset" 719
"D:/Unreal Projects/Amberial UE Remake/Amberial/Content/Widgets/ArmorGamesSplashIntro/Mats/T_ArmorGamesSite.uexp" 720
"D:/Unreal Projects/Amberial UE Remake/Amberial/Content/Widgets/ArmorGamesSplashIntro/Mats/T_ArmorGamesShine.uasset" 721
"D:/Unreal Projects/Amberial UE Remake/Amberial/Content/Widgets/ArmorGamesSplashIntro/Mats/T_ArmorGamesShine.uexp" 722
"D:/Unreal Projects/Amberial UE Remake/Amberial/Content/Widgets/ArmorGamesSplashIntro/Mats/T_ArmorGames.uasset" 723
"D:/Unreal Projects/Amberial UE Remake/Amberial/Content/Widgets/ArmorGamesSplashIntro/Mats/T_ArmorGames.uexp" 724
"D:/Unreal Projects/Amberial UE Remake/Amberial/Content/Widgets/ArmorGamesSplashIntro/Mats/T_ShieldShine.uasset" 725
"D:/Unreal Projects/Amberial UE Remake/Amberial/Content/Widgets/ArmorGamesSplashIntro/Mats/T_ShieldShine.uexp" 726
"D:/Unreal Projects/Amberial UE Remake/Amberial/Content/Widgets/ArmorGamesSplashIntro/Mats/M_ShieldShine.uasset" 727
"D:/Unreal Projects/Amberial UE Remake/Amberial/Content/Widgets/ArmorGamesSplashIntro/Mats/M_ShieldShine.uexp" 728
"../../../Engine/Content/Functions/Engine_MaterialFunctions01/Density/ExponentialDensity.uasset" 729
"../../../Engine/Content/Functions/Engine_MaterialFunctions01/Density/ExponentialDensity.uexp" 730
"../../../Engine/Content/Functions/Engine_MaterialFunctions01/Gradient/RadialGradientExponential.uasset" 731
"../../../Engine/Content/Functions/Engine_MaterialFunctions01/Gradient/RadialGradientExponential.uexp" 732
"D:/Unreal Projects/Amberial UE Remake/Amberial/Content/Widgets/ArmorGamesSplashIntro/Mats/T_Shield.uasset" 733
"D:/Unreal Projects/Amberial UE Remake/Amberial/Content/Widgets/ArmorGamesSplashIntro/Mats/T_Shield.uexp" 734
"D:/Unreal Projects/Amberial UE Remake/Amberial/Content/Widgets/ArmorGamesSplashIntro/Mats/M_Shield_Mat.uasset" 735
"D:/Unreal Projects/Amberial UE Remake/Amberial/Content/Widgets/ArmorGamesSplashIntro/Mats/M_Shield_Mat.uexp" 736
"D:/Unreal Projects/Amberial UE Remake/Amberial/Content/Widgets/ArmorGamesSplashIntro/Mats/MI_Shield_Mat.uasset" 737
"D:/Unreal Projects/Amberial UE Remake/Amberial/Content/Widgets/ArmorGamesSplashIntro/Mats/MI_Shield_Mat.uexp" 738
"D:/Unreal Projects/Amberial UE Remake/Amberial/Content/Sound/BGM/BGM01_ArmorIntro.ubulk" 739
"D:/Unreal Projects/Amberial UE Remake/Amberial/Content/Sound/BGM/BGM01_ArmorIntro.uasset" 740
"D:/Unreal Projects/Amberial UE Remake/Amberial/Content/Sound/BGM/BGM01_ArmorIntro.uexp" 741
"D:/Unreal Projects/Amberial UE Remake/Amberial/Content/Widgets/ArmorGamesSplashIntro/WBP_ArmorSplash.uasset" 742
"D:/Unreal Projects/Amberial UE Remake/Amberial/Content/Widgets/ArmorGamesSplashIntro/WBP_ArmorSplash.uexp" 743
"D:/Unreal Projects/Amberial UE Remake/Amberial/Content/Maps/LVL0_SplashAnims.uexp" 744
"D:/Unreal Projects/Amberial UE Remake/Amberial/Content/Maps/LVL0_SplashAnims.umap" 745
"D:/Unreal Projects/Amberial UE Remake/Amberial/Content/Sprites/T_AmberExit.uasset" 746
"D:/Unreal Projects/Amberial UE Remake/Amberial/Content/Sprites/T_AmberExit.uexp" 747
"D:/Unreal Projects/Amberial UE Remake/Amberial/Content/Sprites/T_AmberBall.uasset" 748
"D:/Unreal Projects/Amberial UE Remake/Amberial/Content/Sprites/T_AmberBall.uexp" 749
"D:/Unreal Projects/Amberial UE Remake/Amberial/Content/Sprites/T_Ace.uasset" 750
"D:/Unreal Projects/Amberial UE Remake/Amberial/Content/Sprites/T_Ace.uexp" 751
"D:/Unreal Projects/Amberial UE Remake/Amberial/Content/Fonts/SydnieOutline.uexp" 752
"D:/Unreal Projects/Amberial UE Remake/Amberial/Content/Fonts/SydnieOutline.uasset" 753
"D:/Unreal Projects/Amberial UE Remake/Amberial/Content/Fonts/SydnieOutline.ufont" 754
"D:/Unreal Projects/Amberial UE Remake/Amberial/Content/Fonts/SydnieOutline_Font.uasset" 755
"D:/Unreal Projects/Amberial UE Remake/Amberial/Content/Fonts/SydnieOutline_Font.uexp" 756
"D:/Unreal Projects/Amberial UE Remake/Amberial/Content/Widgets/MainMenu/Materials/T_Windowed.uasset" 757
"D:/Unreal Projects/Amberial UE Remake/Amberial/Content/Widgets/MainMenu/Materials/T_Windowed.uexp" 758
"D:/Unreal Projects/Amberial UE Remake/Amberial/Content/Widgets/MainMenu/Materials/T_TutorialSpringGlow.uasset" 759
"D:/Unreal Projects/Amberial UE Remake/Amberial/Content/Widgets/MainMenu/Materials/T_TutorialSpringGlow.uexp" 760
"D:/Unreal Projects/Amberial UE Remake/Amberial/Content/Widgets/MainMenu/Materials/T_TutorialSpring.uasset" 761
"D:/Unreal Projects/Amberial UE Remake/Amberial/Content/Widgets/MainMenu/Materials/T_TutorialSpring.uexp" 762
"D:/Unreal Projects/Amberial UE Remake/Amberial/Content/Widgets/MainMenu/Materials/T_SFXOn.uasset" 763
"D:/Unreal Projects/Amberial UE Remake/Amberial/Content/Widgets/MainMenu/Materials/T_SFXOn.uexp" 764
"D:/Unreal Projects/Amberial UE Remake/Amberial/Content/Widgets/MainMenu/Materials/T_SFXOff.uasset" 765
"D:/Unreal Projects/Amberial UE Remake/Amberial/Content/Widgets/MainMenu/Materials/T_SFXOff.uexp" 766
"D:/Unreal Projects/Amberial UE Remake/Amberial/Content/Widgets/MainMenu/Materials/T_SettingsButtonHover.uasset" 767
"D:/Unreal Projects/Amberial UE Remake/Amberial/Content/Widgets/MainMenu/Materials/T_SettingsButtonHover.uexp" 768
"D:/Unreal Projects/Amberial UE Remake/Amberial/Content/Widgets/MainMenu/Materials/T_SettingsButton.uasset" 769
"D:/Unreal Projects/Amberial UE Remake/Amberial/Content/Widgets/MainMenu/Materials/T_SettingsButton.uexp" 770
"D:/Unreal Projects/Amberial UE Remake/Amberial/Content/Widgets/MainMenu/Materials/T_PlayButtonHover.uasset" 771
"D:/Unreal Projects/Amberial UE Remake/Amberial/Content/Widgets/MainMenu/Materials/T_PlayButtonHover.uexp" 772
"D:/Unreal Projects/Amberial UE Remake/Amberial/Content/Widgets/MainMenu/Materials/T_PlayButton.uasset" 773
"D:/Unreal Projects/Amberial UE Remake/Amberial/Content/Widgets/MainMenu/Materials/T_PlayButton.uexp" 774
"D:/Unreal Projects/Amberial UE Remake/Amberial/Content/Widgets/MainMenu/Materials/T_Medium.uasset" 775
"D:/Unreal Projects/Amberial UE Remake/Amberial/Content/Widgets/MainMenu/Materials/T_Medium.uexp" 776
"D:/Unreal Projects/Amberial UE Remake/Amberial/Content/Widgets/MainMenu/Materials/T_Max.uasset" 777
"D:/Unreal Projects/Amberial UE Remake/Amberial/Content/Widgets/MainMenu/Materials/T_Max.uexp" 778
"D:/Unreal Projects/Amberial UE Remake/Amberial/Content/Widgets/MainMenu/Materials/T_MainFrame.uasset" 779
"D:/Unreal Projects/Amberial UE Remake/Amberial/Content/Widgets/MainMenu/Materials/T_MainFrame.uexp" 780
"D:/Unreal Projects/Amberial UE Remake/Amberial/Content/Widgets/MainMenu/Materials/T_Low.uasset" 781
"D:/Unreal Projects/Amberial UE Remake/Amberial/Content/Widgets/MainMenu/Materials/T_Low.uexp" 782
"D:/Unreal Projects/Amberial UE Remake/Amberial/Content/Widgets/MainMenu/Materials/T_Logo.uasset" 783
"D:/Unreal Projects/Amberial UE Remake/Amberial/Content/Widgets/MainMenu/Materials/T_Logo.uexp" 784
"D:/Unreal Projects/Amberial UE Remake/Amberial/Content/Widgets/MainMenu/Materials/T_High.uasset" 785
"D:/Unreal Projects/Amberial UE Remake/Amberial/Content/Widgets/MainMenu/Materials/T_High.uexp" 786
"D:/Unreal Projects/Amberial UE Remake/Amberial/Content/Widgets/MainMenu/Materials/T_HelpSettingsFrame.uasset" 787
"D:/Unreal Projects/Amberial UE Remake/Amberial/Content/Widgets/MainMenu/Materials/T_HelpSettingsFrame.uexp" 788
"D:/Unreal Projects/Amberial UE Remake/Amberial/Content/Widgets/MainMenu/Materials/T_HelpLines.uasset" 789
"D:/Unreal Projects/Amberial UE Remake/Amberial/Content/Widgets/MainMenu/Materials/T_HelpLines.uexp" 790
"D:/Unreal Projects/Amberial UE Remake/Amberial/Content/Widgets/MainMenu/Materials/T_HelpButtonHover.uasset" 791
"D:/Unreal Projects/Amberial UE Remake/Amberial/Content/Widgets/MainMenu/Materials/T_HelpButtonHover.uexp" 792
"D:/Unreal Projects/Amberial UE Remake/Amberial/Content/Widgets/MainMenu/Materials/T_HelpButton.uasset" 793
"D:/Unreal Projects/Amberial UE Remake/Amberial/Content/Widgets/MainMenu/Materials/T_HelpButton.uexp" 794
"D:/Unreal Projects/Amberial UE Remake/Amberial/Content/Widgets/MainMenu/Materials/T_Fullscreen.uasset" 795
"D:/Unreal Projects/Amberial UE Remake/Amberial/Content/Widgets/MainMenu/Materials/T_Fullscreen.uexp" 796
"D:/Unreal Projects/Amberial UE Remake/Amberial/Content/Widgets/MainMenu/Materials/T_CloseButton.uasset" 797
"D:/Unreal Projects/Amberial UE Remake/Amberial/Content/Widgets/MainMenu/Materials/T_CloseButton.uexp" 798
"D:/Unreal Projects/Amberial UE Remake/Amberial/Content/Widgets/MainMenu/Materials/T_BGMOn.uasset" 799
"D:/Unreal Projects/Amberial UE Remake/Amberial/Content/Widgets/MainMenu/Materials/T_BGMOn.uexp" 800
"D:/Unreal Projects/Amberial UE Remake/Amberial/Content/Widgets/MainMenu/Materials/T_BGMOff.uasset" 801
"D:/Unreal Projects/Amberial UE Remake/Amberial/Content/Widgets/MainMenu/Materials/T_BGMOff.uexp" 802
"D:/Unreal Projects/Amberial UE Remake/Amberial/Content/Widgets/MainMenu/Materials/T_BGIcon.uasset" 803
"D:/Unreal Projects/Amberial UE Remake/Amberial/Content/Widgets/MainMenu/Materials/T_BGIcon.uexp" 804
"../../../Engine/Content/Functions/Engine_MaterialFunctions01/Gradient/LinearGradient.uasset" 805
"../../../Engine/Content/Functions/Engine_MaterialFunctions01/Gradient/LinearGradient.uexp" 806
"D:/Unreal Projects/Amberial UE Remake/Amberial/Content/Widgets/MainMenu/Materials/M_RadialGradient.uasset" 807
"D:/Unreal Projects/Amberial UE Remake/Amberial/Content/Widgets/MainMenu/Materials/M_RadialGradient.uexp" 808
"D:/Unreal Projects/Amberial UE Remake/Amberial/Content/Widgets/MainMenu/Materials/M_LinearGradient.uasset" 809
"D:/Unreal Projects/Amberial UE Remake/Amberial/Content/Widgets/MainMenu/Materials/M_LinearGradient.uexp" 810
"D:/Unreal Projects/Amberial UE Remake/Amberial/Content/Sound/BGM/BGM0_Title.ubulk" 811
"D:/Unreal Projects/Amberial UE Remake/Amberial/Content/Sound/BGM/BGM0_Title.uasset" 812
"D:/Unreal Projects/Amberial UE Remake/Amberial/Content/Sound/BGM/BGM0_Title.uexp" 813
"D:/Unreal Projects/Amberial UE Remake/Amberial/Content/Sound/SFX/UI/UISFX00_Click.ubulk" 814
"D:/Unreal Projects/Amberial UE Remake/Amberial/Content/Sound/SFX/UI/UISFX00_Click.uasset" 815
"D:/Unreal Projects/Amberial UE Remake/Amberial/Content/Sound/SFX/UI/UISFX00_Click.uexp" 816
"D:/Unreal Projects/Amberial UE Remake/Amberial/Content/Sound/SFX/CharacterSFX/CHSFX04_Death.ubulk" 817
"D:/Unreal Projects/Amberial UE Remake/Amberial/Content/Sound/SFX/CharacterSFX/CHSFX04_Death.uasset" 818
"D:/Unreal Projects/Amberial UE Remake/Amberial/Content/Sound/SFX/CharacterSFX/CHSFX04_Death.uexp" 819
"D:/Unreal Projects/Amberial UE Remake/Amberial/Content/Sound/SFX/CharacterSFX/CHSFX03_Hit3.ubulk" 820
"D:/Unreal Projects/Amberial UE Remake/Amberial/Content/Sound/SFX/CharacterSFX/CHSFX03_Hit3.uasset" 821
"D:/Unreal Projects/Amberial UE Remake/Amberial/Content/Sound/SFX/CharacterSFX/CHSFX03_Hit3.uexp" 822
"D:/Unreal Projects/Amberial UE Remake/Amberial/Content/Sound/SFX/CharacterSFX/CHSFX02_Hit2.ubulk" 823
"D:/Unreal Projects/Amberial UE Remake/Amberial/Content/Sound/SFX/CharacterSFX/CHSFX02_Hit2.uasset" 824
"D:/Unreal Projects/Amberial UE Remake/Amberial/Content/Sound/SFX/CharacterSFX/CHSFX02_Hit2.uexp" 825
"D:/Unreal Projects/Amberial UE Remake/Amberial/Content/Sound/SFX/CharacterSFX/CHSFX01_Hit1.ubulk" 826
"D:/Unreal Projects/Amberial UE Remake/Amberial/Content/Sound/SFX/CharacterSFX/CHSFX01_Hit1.uasset" 827
"D:/Unreal Projects/Amberial UE Remake/Amberial/Content/Sound/SFX/CharacterSFX/CHSFX01_Hit1.uexp" 828
"D:/Unreal Projects/Amberial UE Remake/Amberial/Content/Sound/SFX/CharacterSFX/CHSFX00_Hit0.ubulk" 829
"D:/Unreal Projects/Amberial UE Remake/Amberial/Content/Sound/SFX/CharacterSFX/CHSFX00_Hit0.uasset" 830
"D:/Unreal Projects/Amberial UE Remake/Amberial/Content/Sound/SFX/CharacterSFX/CHSFX00_Hit0.uexp" 831
"D:/Unreal Projects/Amberial UE Remake/Amberial/Content/Widgets/MainMenu/Materials/T_EraseButton.uasset" 832
"D:/Unreal Projects/Amberial UE Remake/Amberial/Content/Widgets/MainMenu/Materials/T_EraseButton.uexp" 833
"D:/Unreal Projects/Amberial UE Remake/Amberial/Content/Widgets/MainMenu/WBP_MainMenu.uasset" 834
"D:/Unreal Projects/Amberial UE Remake/Amberial/Content/Widgets/MainMenu/WBP_MainMenu.uexp" 835
"D:/Unreal Projects/Amberial UE Remake/Amberial/Content/Maps/LVL0_MainMenu.uexp" 836
"D:/Unreal Projects/Amberial UE Remake/Amberial/Content/Maps/LVL0_MainMenu.umap" 837
"../../../Engine/Content/Functions/Engine_MaterialFunctions02/Utility/VectorToRadialValue.uasset" 838
"../../../Engine/Content/Functions/Engine_MaterialFunctions02/Utility/VectorToRadialValue.uexp" 839
"../../../Engine/Plugins/Marketplace/LoadingS7b7c8daa8480V6/Content/Material/M_SectorsLoadingEffect.uasset" 840
"../../../Engine/Plugins/Marketplace/LoadingS7b7c8daa8480V6/Content/Material/M_SectorsLoadingEffect.uexp" 841
"../../../Engine/Plugins/Marketplace/LoadingS7b7c8daa8480V6/Content/Material/M_SectorsLoadingEffect_Inst.uasset" 842
"../../../Engine/Plugins/Marketplace/LoadingS7b7c8daa8480V6/Content/Material/M_SectorsLoadingEffect_Inst.uexp" 843
"../../../Engine/Plugins/Marketplace/LoadingS7b7c8daa8480V6/Content/Textures/T_LoadingCloud.ubulk" 844
"../../../Engine/Plugins/Marketplace/LoadingS7b7c8daa8480V6/Content/Textures/T_LoadingCloud.uasset" 845
"../../../Engine/Plugins/Marketplace/LoadingS7b7c8daa8480V6/Content/Textures/T_LoadingCloud.uexp" 846
"../../../Engine/Plugins/Marketplace/LoadingS7b7c8daa8480V6/Content/Material/M_Loading.uasset" 847
"../../../Engine/Plugins/Marketplace/LoadingS7b7c8daa8480V6/Content/Material/M_Loading.uexp" 848
"../../../Engine/Plugins/Marketplace/LoadingS7b7c8daa8480V6/Content/Textures/T_LoadingScreen1.uasset" 849
"../../../Engine/Plugins/Marketplace/LoadingS7b7c8daa8480V6/Content/Textures/T_LoadingScreen1.uexp" 850
"../../../Engine/Content/Functions/Engine_MaterialFunctions02/Utility/Sine_Remapped.uasset" 851
"../../../Engine/Content/Functions/Engine_MaterialFunctions02/Utility/Sine_Remapped.uexp" 852
"../../../Engine/Plugins/Marketplace/LoadingS7b7c8daa8480V6/Content/Material/Background/M_LoadingBackground.uasset" 853
"../../../Engine/Plugins/Marketplace/LoadingS7b7c8daa8480V6/Content/Material/Background/M_LoadingBackground.uexp" 854
"../../../Engine/Plugins/Marketplace/LoadingS7b7c8daa8480V6/Content/Material/Background/M_LoadingBackground_Inst.uasset" 855
"../../../Engine/Plugins/Marketplace/LoadingS7b7c8daa8480V6/Content/Material/Background/M_LoadingBackground_Inst.uexp" 856
"D:/Unreal Projects/Amberial UE Remake/Amberial/Content/Widgets/LoadingScreen/WBP_AmberialLoadingScreen.uasset" 857
"D:/Unreal Projects/Amberial UE Remake/Amberial/Content/Widgets/LoadingScreen/WBP_AmberialLoadingScreen.uexp" 858
"D:/Unreal Projects/Amberial UE Remake/Amberial/Content/Maps/LVL0_Loading.uexp" 859
"D:/Unreal Projects/Amberial UE Remake/Amberial/Content/Maps/LVL0_Loading.umap" 860
